CRITICAL - 2025-04-25 18:14:08 --> CodeIgniter\View\Exceptions\ViewException: Invalid file: "productos/index.php"
[Method: GET, Route: productos]
in SYSTEMPATH\Exceptions\FrameworkException.php on line 39.
 1 SYSTEMPATH\View\View.php(212): CodeIgniter\Exceptions\FrameworkException::forInvalidFile('productos/index.php')
 2 SYSTEMPATH\Common.php(1173): CodeIgniter\View\View->render('productos/index', [], true)
 3 APPPATH\Controllers\Productos.php(9): view('productos/index')
 4 SYSTEMPATH\CodeIgniter.php(933): App\Controllers\Productos->index()
 5 SYSTEMPATH\CodeIgniter.php(507): CodeIgniter\CodeIgniter->runController(Object(App\Controllers\Productos))
 6 SYSTEMPATH\CodeIgniter.php(354): CodeIgniter\CodeIgniter->handleRequest(null, Object(Config\Cache), false)
 7 SYSTEMPATH\Boot.php(334): CodeIgniter\CodeIgniter->run()
 8 SYSTEMPATH\Boot.php(67): CodeIgniter\Boot::runCodeIgniter(Object(CodeIgniter\CodeIgniter))
 9 FCPATH\index.php(56): CodeIgniter\Boot::bootWeb(Object(Config\Paths))
CRITICAL - 2025-04-25 22:11:28 --> CodeIgniter\View\Exceptions\ViewException: Invalid file: "nosotros/index.php"
[Method: GET, Route: nosotros]
in SYSTEMPATH\Exceptions\FrameworkException.php on line 39.
 1 SYSTEMPATH\View\View.php(212): CodeIgniter\Exceptions\FrameworkException::forInvalidFile('nosotros/index.php')
 2 SYSTEMPATH\Common.php(1173): CodeIgniter\View\View->render('nosotros/index', [], true)
 3 APPPATH\Controllers\Nosotros.php(9): view('nosotros/index')
 4 SYSTEMPATH\CodeIgniter.php(933): App\Controllers\Nosotros->index()
 5 SYSTEMPATH\CodeIgniter.php(507): CodeIgniter\CodeIgniter->runController(Object(App\Controllers\Nosotros))
 6 SYSTEMPATH\CodeIgniter.php(354): CodeIgniter\CodeIgniter->handleRequest(null, Object(Config\Cache), false)
 7 SYSTEMPATH\Boot.php(334): CodeIgniter\CodeIgniter->run()
 8 SYSTEMPATH\Boot.php(67): CodeIgniter\Boot::runCodeIgniter(Object(CodeIgniter\CodeIgniter))
 9 FCPATH\index.php(56): CodeIgniter\Boot::bootWeb(Object(Config\Paths))
