ERROR - 2025-06-19 18:41:44 --> Error connecting to the database: mysqli_sql_exception: Unknown database 'zonahw' in E:\xampp\htdocs\Proyecto-TPI\system\Database\MySQLi\Connection.php:201
Stack trace:
#0 E:\xampp\htdocs\Proyecto-TPI\system\Database\MySQLi\Connection.php(201): mysqli->real_connect('localhost', 'root', Object(SensitiveParameterValue), 'zonahw', 3306, '', 0)
#1 E:\xampp\htdocs\Proyecto-TPI\system\Database\BaseConnection.php(421): CodeIgniter\Database\MySQLi\Connection->connect(false)
#2 E:\xampp\htdocs\Proyecto-TPI\system\Database\BaseConnection.php(620): CodeIgniter\Database\BaseConnection->initialize()
#3 E:\xampp\htdocs\Proyecto-TPI\system\Database\BaseBuilder.php(1649): CodeIgniter\Database\BaseConnection->query('SELECT *\nFROM `...', Array, false)
#4 E:\xampp\htdocs\Proyecto-TPI\system\Model.php(286): CodeIgniter\Database\BaseBuilder->get()
#5 E:\xampp\htdocs\Proyecto-TPI\system\BaseModel.php(675): CodeIgniter\Model->doFindAll(0, 0)
#6 E:\xampp\htdocs\Proyecto-TPI\app\Views\layouts\header.php(200): CodeIgniter\BaseModel->findAll()
#7 E:\xampp\htdocs\Proyecto-TPI\system\View\View.php(224): include('E:\\xampp\\htdocs...')
#8 E:\xampp\htdocs\Proyecto-TPI\system\View\View.php(227): CodeIgniter\View\View->CodeIgniter\View\{closure}()
#9 E:\xampp\htdocs\Proyecto-TPI\system\View\View.php(475): CodeIgniter\View\View->render('layouts/header', NULL, true)
#10 E:\xampp\htdocs\Proyecto-TPI\app\Views\layouts\plantilla.php(25): CodeIgniter\View\View->include('layouts/header')
#11 E:\xampp\htdocs\Proyecto-TPI\system\View\View.php(224): include('E:\\xampp\\htdocs...')
#12 E:\xampp\htdocs\Proyecto-TPI\system\View\View.php(227): CodeIgniter\View\View->CodeIgniter\View\{closure}()
#13 E:\xampp\htdocs\Proyecto-TPI\system\View\View.php(240): CodeIgniter\View\View->render('layouts/plantil...', Array, true)
#14 E:\xampp\htdocs\Proyecto-TPI\system\Common.php(1173): CodeIgniter\View\View->render('front/quiene...', Array, true)
#15 E:\xampp\htdocs\Proyecto-TPI\app\Controllers\QuienesSomos.php(9): view('front/quiene...')
#16 E:\xampp\htdocs\Proyecto-TPI\system\CodeIgniter.php(933): App\Controllers\QuienesSomos->index()
#17 E:\xampp\htdocs\Proyecto-TPI\system\CodeIgniter.php(507): CodeIgniter\CodeIgniter->runController(Object(App\Controllers\QuienesSomos))
#18 E:\xampp\htdocs\Proyecto-TPI\system\CodeIgniter.php(354): CodeIgniter\CodeIgniter->handleRequest(NULL, Object(Config\Cache), false)
#19 E:\xampp\htdocs\Proyecto-TPI\system\Boot.php(334): CodeIgniter\CodeIgniter->run()
#20 E:\xampp\htdocs\Proyecto-TPI\system\Boot.php(67): CodeIgniter\Boot::runCodeIgniter(Object(CodeIgniter\CodeIgniter))
#21 E:\xampp\htdocs\Proyecto-TPI\public\index.php(56): CodeIgniter\Boot::bootWeb(Object(Config\Paths))
#22 {main}

Next CodeIgniter\Database\Exceptions\DatabaseException: Unknown database 'zonahw' in E:\xampp\htdocs\Proyecto-TPI\system\Database\MySQLi\Connection.php:246
Stack trace:
#0 E:\xampp\htdocs\Proyecto-TPI\system\Database\BaseConnection.php(421): CodeIgniter\Database\MySQLi\Connection->connect(false)
#1 E:\xampp\htdocs\Proyecto-TPI\system\Database\BaseConnection.php(620): CodeIgniter\Database\BaseConnection->initialize()
#2 E:\xampp\htdocs\Proyecto-TPI\system\Database\BaseBuilder.php(1649): CodeIgniter\Database\BaseConnection->query('SELECT *\nFROM `...', Array, false)
#3 E:\xampp\htdocs\Proyecto-TPI\system\Model.php(286): CodeIgniter\Database\BaseBuilder->get()
#4 E:\xampp\htdocs\Proyecto-TPI\system\BaseModel.php(675): CodeIgniter\Model->doFindAll(0, 0)
#5 E:\xampp\htdocs\Proyecto-TPI\app\Views\layouts\header.php(200): CodeIgniter\BaseModel->findAll()
#6 E:\xampp\htdocs\Proyecto-TPI\system\View\View.php(224): include('E:\\xampp\\htdocs...')
#7 E:\xampp\htdocs\Proyecto-TPI\system\View\View.php(227): CodeIgniter\View\View->CodeIgniter\View\{closure}()
#8 E:\xampp\htdocs\Proyecto-TPI\system\View\View.php(475): CodeIgniter\View\View->render('layouts/header', NULL, true)
#9 E:\xampp\htdocs\Proyecto-TPI\app\Views\layouts\plantilla.php(25): CodeIgniter\View\View->include('layouts/header')
#10 E:\xampp\htdocs\Proyecto-TPI\system\View\View.php(224): include('E:\\xampp\\htdocs...')
#11 E:\xampp\htdocs\Proyecto-TPI\system\View\View.php(227): CodeIgniter\View\View->CodeIgniter\View\{closure}()
#12 E:\xampp\htdocs\Proyecto-TPI\system\View\View.php(240): CodeIgniter\View\View->render('layouts/plantil...', Array, true)
#13 E:\xampp\htdocs\Proyecto-TPI\system\Common.php(1173): CodeIgniter\View\View->render('front/quiene...', Array, true)
#14 E:\xampp\htdocs\Proyecto-TPI\app\Controllers\QuienesSomos.php(9): view('front/quiene...')
#15 E:\xampp\htdocs\Proyecto-TPI\system\CodeIgniter.php(933): App\Controllers\QuienesSomos->index()
#16 E:\xampp\htdocs\Proyecto-TPI\system\CodeIgniter.php(507): CodeIgniter\CodeIgniter->runController(Object(App\Controllers\QuienesSomos))
#17 E:\xampp\htdocs\Proyecto-TPI\system\CodeIgniter.php(354): CodeIgniter\CodeIgniter->handleRequest(NULL, Object(Config\Cache), false)
#18 E:\xampp\htdocs\Proyecto-TPI\system\Boot.php(334): CodeIgniter\CodeIgniter->run()
#19 E:\xampp\htdocs\Proyecto-TPI\system\Boot.php(67): CodeIgniter\Boot::runCodeIgniter(Object(CodeIgniter\CodeIgniter))
#20 E:\xampp\htdocs\Proyecto-TPI\public\index.php(56): CodeIgniter\Boot::bootWeb(Object(Config\Paths))
#21 {main}
CRITICAL - 2025-06-19 18:41:44 --> CodeIgniter\Database\Exceptions\DatabaseException: Unable to connect to the database.
Main connection [MySQLi]: Unknown database 'zonahw'
[Method: GET, Route: quienes_somos]
in SYSTEMPATH\Database\BaseConnection.php on line 467.
 1 SYSTEMPATH\Database\BaseConnection.php(620): CodeIgniter\Database\BaseConnection->initialize()
 2 SYSTEMPATH\Database\BaseBuilder.php(1649): CodeIgniter\Database\BaseConnection->query('SELECT *
FROM `categorias`', [], false)
 3 SYSTEMPATH\Model.php(286): CodeIgniter\Database\BaseBuilder->get()
 4 SYSTEMPATH\BaseModel.php(675): CodeIgniter\Model->doFindAll(0, 0)
 5 APPPATH\Views\layouts\header.php(200): CodeIgniter\BaseModel->findAll()
 6 SYSTEMPATH\View\View.php(224): include('E:\\xampp\\htdocs\\Proyecto-TPI\\app\\Views\\layouts\\header.php')
 7 SYSTEMPATH\View\View.php(227): CodeIgniter\View\View->CodeIgniter\View\{closure}()
 8 SYSTEMPATH\View\View.php(475): CodeIgniter\View\View->render('layouts/header', null, true)
 9 APPPATH\Views\layouts\plantilla.php(25): CodeIgniter\View\View->include('layouts/header')
10 SYSTEMPATH\View\View.php(224): include('E:\\xampp\\htdocs\\Proyecto-TPI\\app\\Views\\layouts\\plantilla.php')
11 SYSTEMPATH\View\View.php(227): CodeIgniter\View\View->CodeIgniter\View\{closure}()
12 SYSTEMPATH\View\View.php(240): CodeIgniter\View\View->render('layouts/plantilla', [], true)
13 SYSTEMPATH\Common.php(1173): CodeIgniter\View\View->render('front/quienes_somos', [], true)
14 APPPATH\Controllers\QuienesSomos.php(9): view('front/quienes_somos')
15 SYSTEMPATH\CodeIgniter.php(933): App\Controllers\QuienesSomos->index()
16 SYSTEMPATH\CodeIgniter.php(507): CodeIgniter\CodeIgniter->runController(Object(App\Controllers\QuienesSomos))
17 SYSTEMPATH\CodeIgniter.php(354): CodeIgniter\CodeIgniter->handleRequest(null, Object(Config\Cache), false)
18 SYSTEMPATH\Boot.php(334): CodeIgniter\CodeIgniter->run()
19 SYSTEMPATH\Boot.php(67): CodeIgniter\Boot::runCodeIgniter(Object(CodeIgniter\CodeIgniter))
20 FCPATH\index.php(56): CodeIgniter\Boot::bootWeb(Object(Config\Paths))
ERROR - 2025-06-19 18:42:02 --> Error connecting to the database: mysqli_sql_exception: No connection could be made because the target machine actively refused it in E:\xampp\htdocs\Proyecto-TPI\system\Database\MySQLi\Connection.php:201
Stack trace:
#0 E:\xampp\htdocs\Proyecto-TPI\system\Database\MySQLi\Connection.php(201): mysqli->real_connect('localhost', 'root', Object(SensitiveParameterValue), 'zonahw', 3306, '', 0)
#1 E:\xampp\htdocs\Proyecto-TPI\system\Database\BaseConnection.php(421): CodeIgniter\Database\MySQLi\Connection->connect(false)
#2 E:\xampp\htdocs\Proyecto-TPI\system\Database\BaseConnection.php(620): CodeIgniter\Database\BaseConnection->initialize()
#3 E:\xampp\htdocs\Proyecto-TPI\system\Database\BaseBuilder.php(1649): CodeIgniter\Database\BaseConnection->query('SELECT *\nFROM `...', Array, false)
#4 E:\xampp\htdocs\Proyecto-TPI\system\Model.php(286): CodeIgniter\Database\BaseBuilder->get()
#5 E:\xampp\htdocs\Proyecto-TPI\system\BaseModel.php(675): CodeIgniter\Model->doFindAll(0, 0)
#6 E:\xampp\htdocs\Proyecto-TPI\app\Views\layouts\header.php(200): CodeIgniter\BaseModel->findAll()
#7 E:\xampp\htdocs\Proyecto-TPI\system\View\View.php(224): include('E:\\xampp\\htdocs...')
#8 E:\xampp\htdocs\Proyecto-TPI\system\View\View.php(227): CodeIgniter\View\View->CodeIgniter\View\{closure}()
#9 E:\xampp\htdocs\Proyecto-TPI\system\View\View.php(475): CodeIgniter\View\View->render('layouts/header', NULL, true)
#10 E:\xampp\htdocs\Proyecto-TPI\app\Views\layouts\plantilla.php(25): CodeIgniter\View\View->include('layouts/header')
#11 E:\xampp\htdocs\Proyecto-TPI\system\View\View.php(224): include('E:\\xampp\\htdocs...')
#12 E:\xampp\htdocs\Proyecto-TPI\system\View\View.php(227): CodeIgniter\View\View->CodeIgniter\View\{closure}()
#13 E:\xampp\htdocs\Proyecto-TPI\system\View\View.php(240): CodeIgniter\View\View->render('layouts/plantil...', Array, true)
#14 E:\xampp\htdocs\Proyecto-TPI\system\Common.php(1173): CodeIgniter\View\View->render('front/quiene...', Array, true)
#15 E:\xampp\htdocs\Proyecto-TPI\app\Controllers\QuienesSomos.php(9): view('front/quiene...')
#16 E:\xampp\htdocs\Proyecto-TPI\system\CodeIgniter.php(933): App\Controllers\QuienesSomos->index()
#17 E:\xampp\htdocs\Proyecto-TPI\system\CodeIgniter.php(507): CodeIgniter\CodeIgniter->runController(Object(App\Controllers\QuienesSomos))
#18 E:\xampp\htdocs\Proyecto-TPI\system\CodeIgniter.php(354): CodeIgniter\CodeIgniter->handleRequest(NULL, Object(Config\Cache), false)
#19 E:\xampp\htdocs\Proyecto-TPI\system\Boot.php(334): CodeIgniter\CodeIgniter->run()
#20 E:\xampp\htdocs\Proyecto-TPI\system\Boot.php(67): CodeIgniter\Boot::runCodeIgniter(Object(CodeIgniter\CodeIgniter))
#21 E:\xampp\htdocs\Proyecto-TPI\public\index.php(56): CodeIgniter\Boot::bootWeb(Object(Config\Paths))
#22 {main}

Next CodeIgniter\Database\Exceptions\DatabaseException: No connection could be made because the target machine actively refused it in E:\xampp\htdocs\Proyecto-TPI\system\Database\MySQLi\Connection.php:246
Stack trace:
#0 E:\xampp\htdocs\Proyecto-TPI\system\Database\BaseConnection.php(421): CodeIgniter\Database\MySQLi\Connection->connect(false)
#1 E:\xampp\htdocs\Proyecto-TPI\system\Database\BaseConnection.php(620): CodeIgniter\Database\BaseConnection->initialize()
#2 E:\xampp\htdocs\Proyecto-TPI\system\Database\BaseBuilder.php(1649): CodeIgniter\Database\BaseConnection->query('SELECT *\nFROM `...', Array, false)
#3 E:\xampp\htdocs\Proyecto-TPI\system\Model.php(286): CodeIgniter\Database\BaseBuilder->get()
#4 E:\xampp\htdocs\Proyecto-TPI\system\BaseModel.php(675): CodeIgniter\Model->doFindAll(0, 0)
#5 E:\xampp\htdocs\Proyecto-TPI\app\Views\layouts\header.php(200): CodeIgniter\BaseModel->findAll()
#6 E:\xampp\htdocs\Proyecto-TPI\system\View\View.php(224): include('E:\\xampp\\htdocs...')
#7 E:\xampp\htdocs\Proyecto-TPI\system\View\View.php(227): CodeIgniter\View\View->CodeIgniter\View\{closure}()
#8 E:\xampp\htdocs\Proyecto-TPI\system\View\View.php(475): CodeIgniter\View\View->render('layouts/header', NULL, true)
#9 E:\xampp\htdocs\Proyecto-TPI\app\Views\layouts\plantilla.php(25): CodeIgniter\View\View->include('layouts/header')
#10 E:\xampp\htdocs\Proyecto-TPI\system\View\View.php(224): include('E:\\xampp\\htdocs...')
#11 E:\xampp\htdocs\Proyecto-TPI\system\View\View.php(227): CodeIgniter\View\View->CodeIgniter\View\{closure}()
#12 E:\xampp\htdocs\Proyecto-TPI\system\View\View.php(240): CodeIgniter\View\View->render('layouts/plantil...', Array, true)
#13 E:\xampp\htdocs\Proyecto-TPI\system\Common.php(1173): CodeIgniter\View\View->render('front/quiene...', Array, true)
#14 E:\xampp\htdocs\Proyecto-TPI\app\Controllers\QuienesSomos.php(9): view('front/quiene...')
#15 E:\xampp\htdocs\Proyecto-TPI\system\CodeIgniter.php(933): App\Controllers\QuienesSomos->index()
#16 E:\xampp\htdocs\Proyecto-TPI\system\CodeIgniter.php(507): CodeIgniter\CodeIgniter->runController(Object(App\Controllers\QuienesSomos))
#17 E:\xampp\htdocs\Proyecto-TPI\system\CodeIgniter.php(354): CodeIgniter\CodeIgniter->handleRequest(NULL, Object(Config\Cache), false)
#18 E:\xampp\htdocs\Proyecto-TPI\system\Boot.php(334): CodeIgniter\CodeIgniter->run()
#19 E:\xampp\htdocs\Proyecto-TPI\system\Boot.php(67): CodeIgniter\Boot::runCodeIgniter(Object(CodeIgniter\CodeIgniter))
#20 E:\xampp\htdocs\Proyecto-TPI\public\index.php(56): CodeIgniter\Boot::bootWeb(Object(Config\Paths))
#21 {main}
CRITICAL - 2025-06-19 18:42:02 --> CodeIgniter\Database\Exceptions\DatabaseException: Unable to connect to the database.
Main connection [MySQLi]: No connection could be made because the target machine actively refused it
[Method: GET, Route: quienes_somos]
in SYSTEMPATH\Database\BaseConnection.php on line 467.
 1 SYSTEMPATH\Database\BaseConnection.php(620): CodeIgniter\Database\BaseConnection->initialize()
 2 SYSTEMPATH\Database\BaseBuilder.php(1649): CodeIgniter\Database\BaseConnection->query('SELECT *
FROM `categorias`', [], false)
 3 SYSTEMPATH\Model.php(286): CodeIgniter\Database\BaseBuilder->get()
 4 SYSTEMPATH\BaseModel.php(675): CodeIgniter\Model->doFindAll(0, 0)
 5 APPPATH\Views\layouts\header.php(200): CodeIgniter\BaseModel->findAll()
 6 SYSTEMPATH\View\View.php(224): include('E:\\xampp\\htdocs\\Proyecto-TPI\\app\\Views\\layouts\\header.php')
 7 SYSTEMPATH\View\View.php(227): CodeIgniter\View\View->CodeIgniter\View\{closure}()
 8 SYSTEMPATH\View\View.php(475): CodeIgniter\View\View->render('layouts/header', null, true)
 9 APPPATH\Views\layouts\plantilla.php(25): CodeIgniter\View\View->include('layouts/header')
10 SYSTEMPATH\View\View.php(224): include('E:\\xampp\\htdocs\\Proyecto-TPI\\app\\Views\\layouts\\plantilla.php')
11 SYSTEMPATH\View\View.php(227): CodeIgniter\View\View->CodeIgniter\View\{closure}()
12 SYSTEMPATH\View\View.php(240): CodeIgniter\View\View->render('layouts/plantilla', [], true)
13 SYSTEMPATH\Common.php(1173): CodeIgniter\View\View->render('front/quienes_somos', [], true)
14 APPPATH\Controllers\QuienesSomos.php(9): view('front/quienes_somos')
15 SYSTEMPATH\CodeIgniter.php(933): App\Controllers\QuienesSomos->index()
16 SYSTEMPATH\CodeIgniter.php(507): CodeIgniter\CodeIgniter->runController(Object(App\Controllers\QuienesSomos))
17 SYSTEMPATH\CodeIgniter.php(354): CodeIgniter\CodeIgniter->handleRequest(null, Object(Config\Cache), false)
18 SYSTEMPATH\Boot.php(334): CodeIgniter\CodeIgniter->run()
19 SYSTEMPATH\Boot.php(67): CodeIgniter\Boot::runCodeIgniter(Object(CodeIgniter\CodeIgniter))
20 FCPATH\index.php(56): CodeIgniter\Boot::bootWeb(Object(Config\Paths))
ERROR - 2025-06-19 18:43:19 --> Error connecting to the database: mysqli_sql_exception: No connection could be made because the target machine actively refused it in E:\xampp\htdocs\Proyecto-TPI\system\Database\MySQLi\Connection.php:201
Stack trace:
#0 E:\xampp\htdocs\Proyecto-TPI\system\Database\MySQLi\Connection.php(201): mysqli->real_connect('localhost', 'root', Object(SensitiveParameterValue), 'zonahw', 3306, '', 0)
#1 E:\xampp\htdocs\Proyecto-TPI\system\Database\BaseConnection.php(421): CodeIgniter\Database\MySQLi\Connection->connect(false)
#2 E:\xampp\htdocs\Proyecto-TPI\system\Database\BaseConnection.php(620): CodeIgniter\Database\BaseConnection->initialize()
#3 E:\xampp\htdocs\Proyecto-TPI\system\Database\BaseBuilder.php(1649): CodeIgniter\Database\BaseConnection->query('SELECT *\nFROM `...', Array, false)
#4 E:\xampp\htdocs\Proyecto-TPI\system\Model.php(286): CodeIgniter\Database\BaseBuilder->get()
#5 E:\xampp\htdocs\Proyecto-TPI\system\BaseModel.php(675): CodeIgniter\Model->doFindAll(0, 0)
#6 E:\xampp\htdocs\Proyecto-TPI\app\Views\layouts\header.php(200): CodeIgniter\BaseModel->findAll()
#7 E:\xampp\htdocs\Proyecto-TPI\system\View\View.php(224): include('E:\\xampp\\htdocs...')
#8 E:\xampp\htdocs\Proyecto-TPI\system\View\View.php(227): CodeIgniter\View\View->CodeIgniter\View\{closure}()
#9 E:\xampp\htdocs\Proyecto-TPI\system\View\View.php(475): CodeIgniter\View\View->render('layouts/header', NULL, true)
#10 E:\xampp\htdocs\Proyecto-TPI\app\Views\layouts\plantilla.php(25): CodeIgniter\View\View->include('layouts/header')
#11 E:\xampp\htdocs\Proyecto-TPI\system\View\View.php(224): include('E:\\xampp\\htdocs...')
#12 E:\xampp\htdocs\Proyecto-TPI\system\View\View.php(227): CodeIgniter\View\View->CodeIgniter\View\{closure}()
#13 E:\xampp\htdocs\Proyecto-TPI\system\View\View.php(240): CodeIgniter\View\View->render('layouts/plantil...', Array, true)
#14 E:\xampp\htdocs\Proyecto-TPI\system\Common.php(1173): CodeIgniter\View\View->render('front/princi...', Array, true)
#15 E:\xampp\htdocs\Proyecto-TPI\app\Controllers\Principal.php(11): view('front/princi...')
#16 E:\xampp\htdocs\Proyecto-TPI\system\CodeIgniter.php(933): App\Controllers\Principal->index()
#17 E:\xampp\htdocs\Proyecto-TPI\system\CodeIgniter.php(507): CodeIgniter\CodeIgniter->runController(Object(App\Controllers\Principal))
#18 E:\xampp\htdocs\Proyecto-TPI\system\CodeIgniter.php(354): CodeIgniter\CodeIgniter->handleRequest(NULL, Object(Config\Cache), false)
#19 E:\xampp\htdocs\Proyecto-TPI\system\Boot.php(334): CodeIgniter\CodeIgniter->run()
#20 E:\xampp\htdocs\Proyecto-TPI\system\Boot.php(67): CodeIgniter\Boot::runCodeIgniter(Object(CodeIgniter\CodeIgniter))
#21 E:\xampp\htdocs\Proyecto-TPI\public\index.php(56): CodeIgniter\Boot::bootWeb(Object(Config\Paths))
#22 {main}

Next CodeIgniter\Database\Exceptions\DatabaseException: No connection could be made because the target machine actively refused it in E:\xampp\htdocs\Proyecto-TPI\system\Database\MySQLi\Connection.php:246
Stack trace:
#0 E:\xampp\htdocs\Proyecto-TPI\system\Database\BaseConnection.php(421): CodeIgniter\Database\MySQLi\Connection->connect(false)
#1 E:\xampp\htdocs\Proyecto-TPI\system\Database\BaseConnection.php(620): CodeIgniter\Database\BaseConnection->initialize()
#2 E:\xampp\htdocs\Proyecto-TPI\system\Database\BaseBuilder.php(1649): CodeIgniter\Database\BaseConnection->query('SELECT *\nFROM `...', Array, false)
#3 E:\xampp\htdocs\Proyecto-TPI\system\Model.php(286): CodeIgniter\Database\BaseBuilder->get()
#4 E:\xampp\htdocs\Proyecto-TPI\system\BaseModel.php(675): CodeIgniter\Model->doFindAll(0, 0)
#5 E:\xampp\htdocs\Proyecto-TPI\app\Views\layouts\header.php(200): CodeIgniter\BaseModel->findAll()
#6 E:\xampp\htdocs\Proyecto-TPI\system\View\View.php(224): include('E:\\xampp\\htdocs...')
#7 E:\xampp\htdocs\Proyecto-TPI\system\View\View.php(227): CodeIgniter\View\View->CodeIgniter\View\{closure}()
#8 E:\xampp\htdocs\Proyecto-TPI\system\View\View.php(475): CodeIgniter\View\View->render('layouts/header', NULL, true)
#9 E:\xampp\htdocs\Proyecto-TPI\app\Views\layouts\plantilla.php(25): CodeIgniter\View\View->include('layouts/header')
#10 E:\xampp\htdocs\Proyecto-TPI\system\View\View.php(224): include('E:\\xampp\\htdocs...')
#11 E:\xampp\htdocs\Proyecto-TPI\system\View\View.php(227): CodeIgniter\View\View->CodeIgniter\View\{closure}()
#12 E:\xampp\htdocs\Proyecto-TPI\system\View\View.php(240): CodeIgniter\View\View->render('layouts/plantil...', Array, true)
#13 E:\xampp\htdocs\Proyecto-TPI\system\Common.php(1173): CodeIgniter\View\View->render('front/princi...', Array, true)
#14 E:\xampp\htdocs\Proyecto-TPI\app\Controllers\Principal.php(11): view('front/princi...')
#15 E:\xampp\htdocs\Proyecto-TPI\system\CodeIgniter.php(933): App\Controllers\Principal->index()
#16 E:\xampp\htdocs\Proyecto-TPI\system\CodeIgniter.php(507): CodeIgniter\CodeIgniter->runController(Object(App\Controllers\Principal))
#17 E:\xampp\htdocs\Proyecto-TPI\system\CodeIgniter.php(354): CodeIgniter\CodeIgniter->handleRequest(NULL, Object(Config\Cache), false)
#18 E:\xampp\htdocs\Proyecto-TPI\system\Boot.php(334): CodeIgniter\CodeIgniter->run()
#19 E:\xampp\htdocs\Proyecto-TPI\system\Boot.php(67): CodeIgniter\Boot::runCodeIgniter(Object(CodeIgniter\CodeIgniter))
#20 E:\xampp\htdocs\Proyecto-TPI\public\index.php(56): CodeIgniter\Boot::bootWeb(Object(Config\Paths))
#21 {main}
CRITICAL - 2025-06-19 18:43:19 --> CodeIgniter\Database\Exceptions\DatabaseException: Unable to connect to the database.
Main connection [MySQLi]: No connection could be made because the target machine actively refused it
[Method: GET, Route: /]
in SYSTEMPATH\Database\BaseConnection.php on line 467.
 1 SYSTEMPATH\Database\BaseConnection.php(620): CodeIgniter\Database\BaseConnection->initialize()
 2 SYSTEMPATH\Database\BaseBuilder.php(1649): CodeIgniter\Database\BaseConnection->query('SELECT *
FROM `categorias`', [], false)
 3 SYSTEMPATH\Model.php(286): CodeIgniter\Database\BaseBuilder->get()
 4 SYSTEMPATH\BaseModel.php(675): CodeIgniter\Model->doFindAll(0, 0)
 5 APPPATH\Views\layouts\header.php(200): CodeIgniter\BaseModel->findAll()
 6 SYSTEMPATH\View\View.php(224): include('E:\\xampp\\htdocs\\Proyecto-TPI\\app\\Views\\layouts\\header.php')
 7 SYSTEMPATH\View\View.php(227): CodeIgniter\View\View->CodeIgniter\View\{closure}()
 8 SYSTEMPATH\View\View.php(475): CodeIgniter\View\View->render('layouts/header', null, true)
 9 APPPATH\Views\layouts\plantilla.php(25): CodeIgniter\View\View->include('layouts/header')
10 SYSTEMPATH\View\View.php(224): include('E:\\xampp\\htdocs\\Proyecto-TPI\\app\\Views\\layouts\\plantilla.php')
11 SYSTEMPATH\View\View.php(227): CodeIgniter\View\View->CodeIgniter\View\{closure}()
12 SYSTEMPATH\View\View.php(240): CodeIgniter\View\View->render('layouts/plantilla', [], true)
13 SYSTEMPATH\Common.php(1173): CodeIgniter\View\View->render('front/principal', [], true)
14 APPPATH\Controllers\Principal.php(11): view('front/principal')
15 SYSTEMPATH\CodeIgniter.php(933): App\Controllers\Principal->index()
16 SYSTEMPATH\CodeIgniter.php(507): CodeIgniter\CodeIgniter->runController(Object(App\Controllers\Principal))
17 SYSTEMPATH\CodeIgniter.php(354): CodeIgniter\CodeIgniter->handleRequest(null, Object(Config\Cache), false)
18 SYSTEMPATH\Boot.php(334): CodeIgniter\CodeIgniter->run()
19 SYSTEMPATH\Boot.php(67): CodeIgniter\Boot::runCodeIgniter(Object(CodeIgniter\CodeIgniter))
20 FCPATH\index.php(56): CodeIgniter\Boot::bootWeb(Object(Config\Paths))
ERROR - 2025-06-19 18:43:37 --> Error connecting to the database: mysqli_sql_exception: No connection could be made because the target machine actively refused it in E:\xampp\htdocs\Proyecto-TPI\system\Database\MySQLi\Connection.php:201
Stack trace:
#0 E:\xampp\htdocs\Proyecto-TPI\system\Database\MySQLi\Connection.php(201): mysqli->real_connect('localhost', 'root', Object(SensitiveParameterValue), 'zonahw', 3306, '', 0)
#1 E:\xampp\htdocs\Proyecto-TPI\system\Database\BaseConnection.php(421): CodeIgniter\Database\MySQLi\Connection->connect(false)
#2 E:\xampp\htdocs\Proyecto-TPI\system\Database\BaseConnection.php(620): CodeIgniter\Database\BaseConnection->initialize()
#3 E:\xampp\htdocs\Proyecto-TPI\system\Database\BaseBuilder.php(1649): CodeIgniter\Database\BaseConnection->query('SELECT *\nFROM `...', Array, false)
#4 E:\xampp\htdocs\Proyecto-TPI\system\Model.php(286): CodeIgniter\Database\BaseBuilder->get()
#5 E:\xampp\htdocs\Proyecto-TPI\system\BaseModel.php(675): CodeIgniter\Model->doFindAll(0, 0)
#6 E:\xampp\htdocs\Proyecto-TPI\app\Views\layouts\header.php(200): CodeIgniter\BaseModel->findAll()
#7 E:\xampp\htdocs\Proyecto-TPI\system\View\View.php(224): include('E:\\xampp\\htdocs...')
#8 E:\xampp\htdocs\Proyecto-TPI\system\View\View.php(227): CodeIgniter\View\View->CodeIgniter\View\{closure}()
#9 E:\xampp\htdocs\Proyecto-TPI\system\View\View.php(475): CodeIgniter\View\View->render('layouts/header', NULL, true)
#10 E:\xampp\htdocs\Proyecto-TPI\app\Views\layouts\plantilla.php(25): CodeIgniter\View\View->include('layouts/header')
#11 E:\xampp\htdocs\Proyecto-TPI\system\View\View.php(224): include('E:\\xampp\\htdocs...')
#12 E:\xampp\htdocs\Proyecto-TPI\system\View\View.php(227): CodeIgniter\View\View->CodeIgniter\View\{closure}()
#13 E:\xampp\htdocs\Proyecto-TPI\system\View\View.php(240): CodeIgniter\View\View->render('layouts/plantil...', Array, true)
#14 E:\xampp\htdocs\Proyecto-TPI\system\Common.php(1173): CodeIgniter\View\View->render('front/princi...', Array, true)
#15 E:\xampp\htdocs\Proyecto-TPI\app\Controllers\Principal.php(11): view('front/princi...')
#16 E:\xampp\htdocs\Proyecto-TPI\system\CodeIgniter.php(933): App\Controllers\Principal->index()
#17 E:\xampp\htdocs\Proyecto-TPI\system\CodeIgniter.php(507): CodeIgniter\CodeIgniter->runController(Object(App\Controllers\Principal))
#18 E:\xampp\htdocs\Proyecto-TPI\system\CodeIgniter.php(354): CodeIgniter\CodeIgniter->handleRequest(NULL, Object(Config\Cache), false)
#19 E:\xampp\htdocs\Proyecto-TPI\system\Boot.php(334): CodeIgniter\CodeIgniter->run()
#20 E:\xampp\htdocs\Proyecto-TPI\system\Boot.php(67): CodeIgniter\Boot::runCodeIgniter(Object(CodeIgniter\CodeIgniter))
#21 E:\xampp\htdocs\Proyecto-TPI\public\index.php(56): CodeIgniter\Boot::bootWeb(Object(Config\Paths))
#22 {main}

Next CodeIgniter\Database\Exceptions\DatabaseException: No connection could be made because the target machine actively refused it in E:\xampp\htdocs\Proyecto-TPI\system\Database\MySQLi\Connection.php:246
Stack trace:
#0 E:\xampp\htdocs\Proyecto-TPI\system\Database\BaseConnection.php(421): CodeIgniter\Database\MySQLi\Connection->connect(false)
#1 E:\xampp\htdocs\Proyecto-TPI\system\Database\BaseConnection.php(620): CodeIgniter\Database\BaseConnection->initialize()
#2 E:\xampp\htdocs\Proyecto-TPI\system\Database\BaseBuilder.php(1649): CodeIgniter\Database\BaseConnection->query('SELECT *\nFROM `...', Array, false)
#3 E:\xampp\htdocs\Proyecto-TPI\system\Model.php(286): CodeIgniter\Database\BaseBuilder->get()
#4 E:\xampp\htdocs\Proyecto-TPI\system\BaseModel.php(675): CodeIgniter\Model->doFindAll(0, 0)
#5 E:\xampp\htdocs\Proyecto-TPI\app\Views\layouts\header.php(200): CodeIgniter\BaseModel->findAll()
#6 E:\xampp\htdocs\Proyecto-TPI\system\View\View.php(224): include('E:\\xampp\\htdocs...')
#7 E:\xampp\htdocs\Proyecto-TPI\system\View\View.php(227): CodeIgniter\View\View->CodeIgniter\View\{closure}()
#8 E:\xampp\htdocs\Proyecto-TPI\system\View\View.php(475): CodeIgniter\View\View->render('layouts/header', NULL, true)
#9 E:\xampp\htdocs\Proyecto-TPI\app\Views\layouts\plantilla.php(25): CodeIgniter\View\View->include('layouts/header')
#10 E:\xampp\htdocs\Proyecto-TPI\system\View\View.php(224): include('E:\\xampp\\htdocs...')
#11 E:\xampp\htdocs\Proyecto-TPI\system\View\View.php(227): CodeIgniter\View\View->CodeIgniter\View\{closure}()
#12 E:\xampp\htdocs\Proyecto-TPI\system\View\View.php(240): CodeIgniter\View\View->render('layouts/plantil...', Array, true)
#13 E:\xampp\htdocs\Proyecto-TPI\system\Common.php(1173): CodeIgniter\View\View->render('front/princi...', Array, true)
#14 E:\xampp\htdocs\Proyecto-TPI\app\Controllers\Principal.php(11): view('front/princi...')
#15 E:\xampp\htdocs\Proyecto-TPI\system\CodeIgniter.php(933): App\Controllers\Principal->index()
#16 E:\xampp\htdocs\Proyecto-TPI\system\CodeIgniter.php(507): CodeIgniter\CodeIgniter->runController(Object(App\Controllers\Principal))
#17 E:\xampp\htdocs\Proyecto-TPI\system\CodeIgniter.php(354): CodeIgniter\CodeIgniter->handleRequest(NULL, Object(Config\Cache), false)
#18 E:\xampp\htdocs\Proyecto-TPI\system\Boot.php(334): CodeIgniter\CodeIgniter->run()
#19 E:\xampp\htdocs\Proyecto-TPI\system\Boot.php(67): CodeIgniter\Boot::runCodeIgniter(Object(CodeIgniter\CodeIgniter))
#20 E:\xampp\htdocs\Proyecto-TPI\public\index.php(56): CodeIgniter\Boot::bootWeb(Object(Config\Paths))
#21 {main}
CRITICAL - 2025-06-19 18:43:38 --> CodeIgniter\Database\Exceptions\DatabaseException: Unable to connect to the database.
Main connection [MySQLi]: No connection could be made because the target machine actively refused it
[Method: GET, Route: /]
in SYSTEMPATH\Database\BaseConnection.php on line 467.
 1 SYSTEMPATH\Database\BaseConnection.php(620): CodeIgniter\Database\BaseConnection->initialize()
 2 SYSTEMPATH\Database\BaseBuilder.php(1649): CodeIgniter\Database\BaseConnection->query('SELECT *
FROM `categorias`', [], false)
 3 SYSTEMPATH\Model.php(286): CodeIgniter\Database\BaseBuilder->get()
 4 SYSTEMPATH\BaseModel.php(675): CodeIgniter\Model->doFindAll(0, 0)
 5 APPPATH\Views\layouts\header.php(200): CodeIgniter\BaseModel->findAll()
 6 SYSTEMPATH\View\View.php(224): include('E:\\xampp\\htdocs\\Proyecto-TPI\\app\\Views\\layouts\\header.php')
 7 SYSTEMPATH\View\View.php(227): CodeIgniter\View\View->CodeIgniter\View\{closure}()
 8 SYSTEMPATH\View\View.php(475): CodeIgniter\View\View->render('layouts/header', null, true)
 9 APPPATH\Views\layouts\plantilla.php(25): CodeIgniter\View\View->include('layouts/header')
10 SYSTEMPATH\View\View.php(224): include('E:\\xampp\\htdocs\\Proyecto-TPI\\app\\Views\\layouts\\plantilla.php')
11 SYSTEMPATH\View\View.php(227): CodeIgniter\View\View->CodeIgniter\View\{closure}()
12 SYSTEMPATH\View\View.php(240): CodeIgniter\View\View->render('layouts/plantilla', [], true)
13 SYSTEMPATH\Common.php(1173): CodeIgniter\View\View->render('front/principal', [], true)
14 APPPATH\Controllers\Principal.php(11): view('front/principal')
15 SYSTEMPATH\CodeIgniter.php(933): App\Controllers\Principal->index()
16 SYSTEMPATH\CodeIgniter.php(507): CodeIgniter\CodeIgniter->runController(Object(App\Controllers\Principal))
17 SYSTEMPATH\CodeIgniter.php(354): CodeIgniter\CodeIgniter->handleRequest(null, Object(Config\Cache), false)
18 SYSTEMPATH\Boot.php(334): CodeIgniter\CodeIgniter->run()
19 SYSTEMPATH\Boot.php(67): CodeIgniter\Boot::runCodeIgniter(Object(CodeIgniter\CodeIgniter))
20 FCPATH\index.php(56): CodeIgniter\Boot::bootWeb(Object(Config\Paths))
ERROR - 2025-06-19 18:44:47 --> Error connecting to the database: mysqli_sql_exception: No connection could be made because the target machine actively refused it in E:\xampp\htdocs\Proyecto-TPI\system\Database\MySQLi\Connection.php:201
Stack trace:
#0 E:\xampp\htdocs\Proyecto-TPI\system\Database\MySQLi\Connection.php(201): mysqli->real_connect('localhost', 'root', Object(SensitiveParameterValue), 'zonahw', 3306, '', 0)
#1 E:\xampp\htdocs\Proyecto-TPI\system\Database\BaseConnection.php(421): CodeIgniter\Database\MySQLi\Connection->connect(false)
#2 E:\xampp\htdocs\Proyecto-TPI\system\Database\BaseConnection.php(620): CodeIgniter\Database\BaseConnection->initialize()
#3 E:\xampp\htdocs\Proyecto-TPI\system\Database\BaseBuilder.php(1649): CodeIgniter\Database\BaseConnection->query('SELECT *\nFROM `...', Array, false)
#4 E:\xampp\htdocs\Proyecto-TPI\system\Model.php(286): CodeIgniter\Database\BaseBuilder->get()
#5 E:\xampp\htdocs\Proyecto-TPI\system\BaseModel.php(675): CodeIgniter\Model->doFindAll(0, 0)
#6 E:\xampp\htdocs\Proyecto-TPI\app\Views\layouts\header.php(200): CodeIgniter\BaseModel->findAll()
#7 E:\xampp\htdocs\Proyecto-TPI\system\View\View.php(224): include('E:\\xampp\\htdocs...')
#8 E:\xampp\htdocs\Proyecto-TPI\system\View\View.php(227): CodeIgniter\View\View->CodeIgniter\View\{closure}()
#9 E:\xampp\htdocs\Proyecto-TPI\system\View\View.php(475): CodeIgniter\View\View->render('layouts/header', NULL, true)
#10 E:\xampp\htdocs\Proyecto-TPI\app\Views\layouts\plantilla.php(25): CodeIgniter\View\View->include('layouts/header')
#11 E:\xampp\htdocs\Proyecto-TPI\system\View\View.php(224): include('E:\\xampp\\htdocs...')
#12 E:\xampp\htdocs\Proyecto-TPI\system\View\View.php(227): CodeIgniter\View\View->CodeIgniter\View\{closure}()
#13 E:\xampp\htdocs\Proyecto-TPI\system\View\View.php(240): CodeIgniter\View\View->render('layouts/plantil...', Array, true)
#14 E:\xampp\htdocs\Proyecto-TPI\system\Common.php(1173): CodeIgniter\View\View->render('front/princi...', Array, true)
#15 E:\xampp\htdocs\Proyecto-TPI\app\Controllers\Principal.php(11): view('front/princi...')
#16 E:\xampp\htdocs\Proyecto-TPI\system\CodeIgniter.php(933): App\Controllers\Principal->index()
#17 E:\xampp\htdocs\Proyecto-TPI\system\CodeIgniter.php(507): CodeIgniter\CodeIgniter->runController(Object(App\Controllers\Principal))
#18 E:\xampp\htdocs\Proyecto-TPI\system\CodeIgniter.php(354): CodeIgniter\CodeIgniter->handleRequest(NULL, Object(Config\Cache), false)
#19 E:\xampp\htdocs\Proyecto-TPI\system\Boot.php(334): CodeIgniter\CodeIgniter->run()
#20 E:\xampp\htdocs\Proyecto-TPI\system\Boot.php(67): CodeIgniter\Boot::runCodeIgniter(Object(CodeIgniter\CodeIgniter))
#21 E:\xampp\htdocs\Proyecto-TPI\public\index.php(56): CodeIgniter\Boot::bootWeb(Object(Config\Paths))
#22 {main}

Next CodeIgniter\Database\Exceptions\DatabaseException: No connection could be made because the target machine actively refused it in E:\xampp\htdocs\Proyecto-TPI\system\Database\MySQLi\Connection.php:246
Stack trace:
#0 E:\xampp\htdocs\Proyecto-TPI\system\Database\BaseConnection.php(421): CodeIgniter\Database\MySQLi\Connection->connect(false)
#1 E:\xampp\htdocs\Proyecto-TPI\system\Database\BaseConnection.php(620): CodeIgniter\Database\BaseConnection->initialize()
#2 E:\xampp\htdocs\Proyecto-TPI\system\Database\BaseBuilder.php(1649): CodeIgniter\Database\BaseConnection->query('SELECT *\nFROM `...', Array, false)
#3 E:\xampp\htdocs\Proyecto-TPI\system\Model.php(286): CodeIgniter\Database\BaseBuilder->get()
#4 E:\xampp\htdocs\Proyecto-TPI\system\BaseModel.php(675): CodeIgniter\Model->doFindAll(0, 0)
#5 E:\xampp\htdocs\Proyecto-TPI\app\Views\layouts\header.php(200): CodeIgniter\BaseModel->findAll()
#6 E:\xampp\htdocs\Proyecto-TPI\system\View\View.php(224): include('E:\\xampp\\htdocs...')
#7 E:\xampp\htdocs\Proyecto-TPI\system\View\View.php(227): CodeIgniter\View\View->CodeIgniter\View\{closure}()
#8 E:\xampp\htdocs\Proyecto-TPI\system\View\View.php(475): CodeIgniter\View\View->render('layouts/header', NULL, true)
#9 E:\xampp\htdocs\Proyecto-TPI\app\Views\layouts\plantilla.php(25): CodeIgniter\View\View->include('layouts/header')
#10 E:\xampp\htdocs\Proyecto-TPI\system\View\View.php(224): include('E:\\xampp\\htdocs...')
#11 E:\xampp\htdocs\Proyecto-TPI\system\View\View.php(227): CodeIgniter\View\View->CodeIgniter\View\{closure}()
#12 E:\xampp\htdocs\Proyecto-TPI\system\View\View.php(240): CodeIgniter\View\View->render('layouts/plantil...', Array, true)
#13 E:\xampp\htdocs\Proyecto-TPI\system\Common.php(1173): CodeIgniter\View\View->render('front/princi...', Array, true)
#14 E:\xampp\htdocs\Proyecto-TPI\app\Controllers\Principal.php(11): view('front/princi...')
#15 E:\xampp\htdocs\Proyecto-TPI\system\CodeIgniter.php(933): App\Controllers\Principal->index()
#16 E:\xampp\htdocs\Proyecto-TPI\system\CodeIgniter.php(507): CodeIgniter\CodeIgniter->runController(Object(App\Controllers\Principal))
#17 E:\xampp\htdocs\Proyecto-TPI\system\CodeIgniter.php(354): CodeIgniter\CodeIgniter->handleRequest(NULL, Object(Config\Cache), false)
#18 E:\xampp\htdocs\Proyecto-TPI\system\Boot.php(334): CodeIgniter\CodeIgniter->run()
#19 E:\xampp\htdocs\Proyecto-TPI\system\Boot.php(67): CodeIgniter\Boot::runCodeIgniter(Object(CodeIgniter\CodeIgniter))
#20 E:\xampp\htdocs\Proyecto-TPI\public\index.php(56): CodeIgniter\Boot::bootWeb(Object(Config\Paths))
#21 {main}
CRITICAL - 2025-06-19 18:44:47 --> CodeIgniter\Database\Exceptions\DatabaseException: Unable to connect to the database.
Main connection [MySQLi]: No connection could be made because the target machine actively refused it
[Method: GET, Route: /]
in SYSTEMPATH\Database\BaseConnection.php on line 467.
 1 SYSTEMPATH\Database\BaseConnection.php(620): CodeIgniter\Database\BaseConnection->initialize()
 2 SYSTEMPATH\Database\BaseBuilder.php(1649): CodeIgniter\Database\BaseConnection->query('SELECT *
FROM `categorias`', [], false)
 3 SYSTEMPATH\Model.php(286): CodeIgniter\Database\BaseBuilder->get()
 4 SYSTEMPATH\BaseModel.php(675): CodeIgniter\Model->doFindAll(0, 0)
 5 APPPATH\Views\layouts\header.php(200): CodeIgniter\BaseModel->findAll()
 6 SYSTEMPATH\View\View.php(224): include('E:\\xampp\\htdocs\\Proyecto-TPI\\app\\Views\\layouts\\header.php')
 7 SYSTEMPATH\View\View.php(227): CodeIgniter\View\View->CodeIgniter\View\{closure}()
 8 SYSTEMPATH\View\View.php(475): CodeIgniter\View\View->render('layouts/header', null, true)
 9 APPPATH\Views\layouts\plantilla.php(25): CodeIgniter\View\View->include('layouts/header')
10 SYSTEMPATH\View\View.php(224): include('E:\\xampp\\htdocs\\Proyecto-TPI\\app\\Views\\layouts\\plantilla.php')
11 SYSTEMPATH\View\View.php(227): CodeIgniter\View\View->CodeIgniter\View\{closure}()
12 SYSTEMPATH\View\View.php(240): CodeIgniter\View\View->render('layouts/plantilla', [], true)
13 SYSTEMPATH\Common.php(1173): CodeIgniter\View\View->render('front/principal', [], true)
14 APPPATH\Controllers\Principal.php(11): view('front/principal')
15 SYSTEMPATH\CodeIgniter.php(933): App\Controllers\Principal->index()
16 SYSTEMPATH\CodeIgniter.php(507): CodeIgniter\CodeIgniter->runController(Object(App\Controllers\Principal))
17 SYSTEMPATH\CodeIgniter.php(354): CodeIgniter\CodeIgniter->handleRequest(null, Object(Config\Cache), false)
18 SYSTEMPATH\Boot.php(334): CodeIgniter\CodeIgniter->run()
19 SYSTEMPATH\Boot.php(67): CodeIgniter\Boot::runCodeIgniter(Object(CodeIgniter\CodeIgniter))
20 FCPATH\index.php(56): CodeIgniter\Boot::bootWeb(Object(Config\Paths))
ERROR - 2025-06-19 18:44:54 --> Error connecting to the database: mysqli_sql_exception: No connection could be made because the target machine actively refused it in E:\xampp\htdocs\Proyecto-TPI\system\Database\MySQLi\Connection.php:201
Stack trace:
#0 E:\xampp\htdocs\Proyecto-TPI\system\Database\MySQLi\Connection.php(201): mysqli->real_connect('localhost', 'root', Object(SensitiveParameterValue), 'zonahw', 3306, '', 0)
#1 E:\xampp\htdocs\Proyecto-TPI\system\Database\BaseConnection.php(421): CodeIgniter\Database\MySQLi\Connection->connect(false)
#2 E:\xampp\htdocs\Proyecto-TPI\system\Database\BaseConnection.php(620): CodeIgniter\Database\BaseConnection->initialize()
#3 E:\xampp\htdocs\Proyecto-TPI\system\Database\BaseBuilder.php(1649): CodeIgniter\Database\BaseConnection->query('SELECT *\nFROM `...', Array, false)
#4 E:\xampp\htdocs\Proyecto-TPI\system\Model.php(286): CodeIgniter\Database\BaseBuilder->get()
#5 E:\xampp\htdocs\Proyecto-TPI\system\BaseModel.php(675): CodeIgniter\Model->doFindAll(0, 0)
#6 E:\xampp\htdocs\Proyecto-TPI\app\Views\layouts\header.php(200): CodeIgniter\BaseModel->findAll()
#7 E:\xampp\htdocs\Proyecto-TPI\system\View\View.php(224): include('E:\\xampp\\htdocs...')
#8 E:\xampp\htdocs\Proyecto-TPI\system\View\View.php(227): CodeIgniter\View\View->CodeIgniter\View\{closure}()
#9 E:\xampp\htdocs\Proyecto-TPI\system\View\View.php(475): CodeIgniter\View\View->render('layouts/header', NULL, true)
#10 E:\xampp\htdocs\Proyecto-TPI\app\Views\layouts\plantilla.php(25): CodeIgniter\View\View->include('layouts/header')
#11 E:\xampp\htdocs\Proyecto-TPI\system\View\View.php(224): include('E:\\xampp\\htdocs...')
#12 E:\xampp\htdocs\Proyecto-TPI\system\View\View.php(227): CodeIgniter\View\View->CodeIgniter\View\{closure}()
#13 E:\xampp\htdocs\Proyecto-TPI\system\View\View.php(240): CodeIgniter\View\View->render('layouts/plantil...', Array, true)
#14 E:\xampp\htdocs\Proyecto-TPI\system\Common.php(1173): CodeIgniter\View\View->render('front/princi...', Array, true)
#15 E:\xampp\htdocs\Proyecto-TPI\app\Controllers\Principal.php(11): view('front/princi...')
#16 E:\xampp\htdocs\Proyecto-TPI\system\CodeIgniter.php(933): App\Controllers\Principal->index()
#17 E:\xampp\htdocs\Proyecto-TPI\system\CodeIgniter.php(507): CodeIgniter\CodeIgniter->runController(Object(App\Controllers\Principal))
#18 E:\xampp\htdocs\Proyecto-TPI\system\CodeIgniter.php(354): CodeIgniter\CodeIgniter->handleRequest(NULL, Object(Config\Cache), false)
#19 E:\xampp\htdocs\Proyecto-TPI\system\Boot.php(334): CodeIgniter\CodeIgniter->run()
#20 E:\xampp\htdocs\Proyecto-TPI\system\Boot.php(67): CodeIgniter\Boot::runCodeIgniter(Object(CodeIgniter\CodeIgniter))
#21 E:\xampp\htdocs\Proyecto-TPI\public\index.php(56): CodeIgniter\Boot::bootWeb(Object(Config\Paths))
#22 {main}

Next CodeIgniter\Database\Exceptions\DatabaseException: No connection could be made because the target machine actively refused it in E:\xampp\htdocs\Proyecto-TPI\system\Database\MySQLi\Connection.php:246
Stack trace:
#0 E:\xampp\htdocs\Proyecto-TPI\system\Database\BaseConnection.php(421): CodeIgniter\Database\MySQLi\Connection->connect(false)
#1 E:\xampp\htdocs\Proyecto-TPI\system\Database\BaseConnection.php(620): CodeIgniter\Database\BaseConnection->initialize()
#2 E:\xampp\htdocs\Proyecto-TPI\system\Database\BaseBuilder.php(1649): CodeIgniter\Database\BaseConnection->query('SELECT *\nFROM `...', Array, false)
#3 E:\xampp\htdocs\Proyecto-TPI\system\Model.php(286): CodeIgniter\Database\BaseBuilder->get()
#4 E:\xampp\htdocs\Proyecto-TPI\system\BaseModel.php(675): CodeIgniter\Model->doFindAll(0, 0)
#5 E:\xampp\htdocs\Proyecto-TPI\app\Views\layouts\header.php(200): CodeIgniter\BaseModel->findAll()
#6 E:\xampp\htdocs\Proyecto-TPI\system\View\View.php(224): include('E:\\xampp\\htdocs...')
#7 E:\xampp\htdocs\Proyecto-TPI\system\View\View.php(227): CodeIgniter\View\View->CodeIgniter\View\{closure}()
#8 E:\xampp\htdocs\Proyecto-TPI\system\View\View.php(475): CodeIgniter\View\View->render('layouts/header', NULL, true)
#9 E:\xampp\htdocs\Proyecto-TPI\app\Views\layouts\plantilla.php(25): CodeIgniter\View\View->include('layouts/header')
#10 E:\xampp\htdocs\Proyecto-TPI\system\View\View.php(224): include('E:\\xampp\\htdocs...')
#11 E:\xampp\htdocs\Proyecto-TPI\system\View\View.php(227): CodeIgniter\View\View->CodeIgniter\View\{closure}()
#12 E:\xampp\htdocs\Proyecto-TPI\system\View\View.php(240): CodeIgniter\View\View->render('layouts/plantil...', Array, true)
#13 E:\xampp\htdocs\Proyecto-TPI\system\Common.php(1173): CodeIgniter\View\View->render('front/princi...', Array, true)
#14 E:\xampp\htdocs\Proyecto-TPI\app\Controllers\Principal.php(11): view('front/princi...')
#15 E:\xampp\htdocs\Proyecto-TPI\system\CodeIgniter.php(933): App\Controllers\Principal->index()
#16 E:\xampp\htdocs\Proyecto-TPI\system\CodeIgniter.php(507): CodeIgniter\CodeIgniter->runController(Object(App\Controllers\Principal))
#17 E:\xampp\htdocs\Proyecto-TPI\system\CodeIgniter.php(354): CodeIgniter\CodeIgniter->handleRequest(NULL, Object(Config\Cache), false)
#18 E:\xampp\htdocs\Proyecto-TPI\system\Boot.php(334): CodeIgniter\CodeIgniter->run()
#19 E:\xampp\htdocs\Proyecto-TPI\system\Boot.php(67): CodeIgniter\Boot::runCodeIgniter(Object(CodeIgniter\CodeIgniter))
#20 E:\xampp\htdocs\Proyecto-TPI\public\index.php(56): CodeIgniter\Boot::bootWeb(Object(Config\Paths))
#21 {main}
CRITICAL - 2025-06-19 18:44:55 --> CodeIgniter\Database\Exceptions\DatabaseException: Unable to connect to the database.
Main connection [MySQLi]: No connection could be made because the target machine actively refused it
[Method: GET, Route: /]
in SYSTEMPATH\Database\BaseConnection.php on line 467.
 1 SYSTEMPATH\Database\BaseConnection.php(620): CodeIgniter\Database\BaseConnection->initialize()
 2 SYSTEMPATH\Database\BaseBuilder.php(1649): CodeIgniter\Database\BaseConnection->query('SELECT *
FROM `categorias`', [], false)
 3 SYSTEMPATH\Model.php(286): CodeIgniter\Database\BaseBuilder->get()
 4 SYSTEMPATH\BaseModel.php(675): CodeIgniter\Model->doFindAll(0, 0)
 5 APPPATH\Views\layouts\header.php(200): CodeIgniter\BaseModel->findAll()
 6 SYSTEMPATH\View\View.php(224): include('E:\\xampp\\htdocs\\Proyecto-TPI\\app\\Views\\layouts\\header.php')
 7 SYSTEMPATH\View\View.php(227): CodeIgniter\View\View->CodeIgniter\View\{closure}()
 8 SYSTEMPATH\View\View.php(475): CodeIgniter\View\View->render('layouts/header', null, true)
 9 APPPATH\Views\layouts\plantilla.php(25): CodeIgniter\View\View->include('layouts/header')
10 SYSTEMPATH\View\View.php(224): include('E:\\xampp\\htdocs\\Proyecto-TPI\\app\\Views\\layouts\\plantilla.php')
11 SYSTEMPATH\View\View.php(227): CodeIgniter\View\View->CodeIgniter\View\{closure}()
12 SYSTEMPATH\View\View.php(240): CodeIgniter\View\View->render('layouts/plantilla', [], true)
13 SYSTEMPATH\Common.php(1173): CodeIgniter\View\View->render('front/principal', [], true)
14 APPPATH\Controllers\Principal.php(11): view('front/principal')
15 SYSTEMPATH\CodeIgniter.php(933): App\Controllers\Principal->index()
16 SYSTEMPATH\CodeIgniter.php(507): CodeIgniter\CodeIgniter->runController(Object(App\Controllers\Principal))
17 SYSTEMPATH\CodeIgniter.php(354): CodeIgniter\CodeIgniter->handleRequest(null, Object(Config\Cache), false)
18 SYSTEMPATH\Boot.php(334): CodeIgniter\CodeIgniter->run()
19 SYSTEMPATH\Boot.php(67): CodeIgniter\Boot::runCodeIgniter(Object(CodeIgniter\CodeIgniter))
20 FCPATH\index.php(56): CodeIgniter\Boot::bootWeb(Object(Config\Paths))
ERROR - 2025-06-19 19:48:45 --> Error connecting to the database: mysqli_sql_exception: No connection could be made because the target machine actively refused it in E:\xampp\htdocs\Proyecto-TPI\system\Database\MySQLi\Connection.php:201
Stack trace:
#0 E:\xampp\htdocs\Proyecto-TPI\system\Database\MySQLi\Connection.php(201): mysqli->real_connect('localhost', 'root', Object(SensitiveParameterValue), 'zonahw', 3306, '', 0)
#1 E:\xampp\htdocs\Proyecto-TPI\system\Database\BaseConnection.php(421): CodeIgniter\Database\MySQLi\Connection->connect(false)
#2 E:\xampp\htdocs\Proyecto-TPI\system\Database\BaseConnection.php(620): CodeIgniter\Database\BaseConnection->initialize()
#3 E:\xampp\htdocs\Proyecto-TPI\system\Database\BaseBuilder.php(1649): CodeIgniter\Database\BaseConnection->query('SELECT *\nFROM `...', Array, false)
#4 E:\xampp\htdocs\Proyecto-TPI\system\Model.php(286): CodeIgniter\Database\BaseBuilder->get()
#5 E:\xampp\htdocs\Proyecto-TPI\system\BaseModel.php(675): CodeIgniter\Model->doFindAll(0, 0)
#6 E:\xampp\htdocs\Proyecto-TPI\app\Views\layouts\header.php(200): CodeIgniter\BaseModel->findAll()
#7 E:\xampp\htdocs\Proyecto-TPI\system\View\View.php(224): include('E:\\xampp\\htdocs...')
#8 E:\xampp\htdocs\Proyecto-TPI\system\View\View.php(227): CodeIgniter\View\View->CodeIgniter\View\{closure}()
#9 E:\xampp\htdocs\Proyecto-TPI\system\View\View.php(475): CodeIgniter\View\View->render('layouts/header', NULL, true)
#10 E:\xampp\htdocs\Proyecto-TPI\app\Views\layouts\plantilla.php(25): CodeIgniter\View\View->include('layouts/header')
#11 E:\xampp\htdocs\Proyecto-TPI\system\View\View.php(224): include('E:\\xampp\\htdocs...')
#12 E:\xampp\htdocs\Proyecto-TPI\system\View\View.php(227): CodeIgniter\View\View->CodeIgniter\View\{closure}()
#13 E:\xampp\htdocs\Proyecto-TPI\system\View\View.php(240): CodeIgniter\View\View->render('layouts/plantil...', Array, true)
#14 E:\xampp\htdocs\Proyecto-TPI\system\Common.php(1173): CodeIgniter\View\View->render('front/princi...', Array, true)
#15 E:\xampp\htdocs\Proyecto-TPI\app\Controllers\Principal.php(11): view('front/princi...')
#16 E:\xampp\htdocs\Proyecto-TPI\system\CodeIgniter.php(933): App\Controllers\Principal->index()
#17 E:\xampp\htdocs\Proyecto-TPI\system\CodeIgniter.php(507): CodeIgniter\CodeIgniter->runController(Object(App\Controllers\Principal))
#18 E:\xampp\htdocs\Proyecto-TPI\system\CodeIgniter.php(354): CodeIgniter\CodeIgniter->handleRequest(NULL, Object(Config\Cache), false)
#19 E:\xampp\htdocs\Proyecto-TPI\system\Boot.php(334): CodeIgniter\CodeIgniter->run()
#20 E:\xampp\htdocs\Proyecto-TPI\system\Boot.php(67): CodeIgniter\Boot::runCodeIgniter(Object(CodeIgniter\CodeIgniter))
#21 E:\xampp\htdocs\Proyecto-TPI\public\index.php(56): CodeIgniter\Boot::bootWeb(Object(Config\Paths))
#22 {main}

Next CodeIgniter\Database\Exceptions\DatabaseException: No connection could be made because the target machine actively refused it in E:\xampp\htdocs\Proyecto-TPI\system\Database\MySQLi\Connection.php:246
Stack trace:
#0 E:\xampp\htdocs\Proyecto-TPI\system\Database\BaseConnection.php(421): CodeIgniter\Database\MySQLi\Connection->connect(false)
#1 E:\xampp\htdocs\Proyecto-TPI\system\Database\BaseConnection.php(620): CodeIgniter\Database\BaseConnection->initialize()
#2 E:\xampp\htdocs\Proyecto-TPI\system\Database\BaseBuilder.php(1649): CodeIgniter\Database\BaseConnection->query('SELECT *\nFROM `...', Array, false)
#3 E:\xampp\htdocs\Proyecto-TPI\system\Model.php(286): CodeIgniter\Database\BaseBuilder->get()
#4 E:\xampp\htdocs\Proyecto-TPI\system\BaseModel.php(675): CodeIgniter\Model->doFindAll(0, 0)
#5 E:\xampp\htdocs\Proyecto-TPI\app\Views\layouts\header.php(200): CodeIgniter\BaseModel->findAll()
#6 E:\xampp\htdocs\Proyecto-TPI\system\View\View.php(224): include('E:\\xampp\\htdocs...')
#7 E:\xampp\htdocs\Proyecto-TPI\system\View\View.php(227): CodeIgniter\View\View->CodeIgniter\View\{closure}()
#8 E:\xampp\htdocs\Proyecto-TPI\system\View\View.php(475): CodeIgniter\View\View->render('layouts/header', NULL, true)
#9 E:\xampp\htdocs\Proyecto-TPI\app\Views\layouts\plantilla.php(25): CodeIgniter\View\View->include('layouts/header')
#10 E:\xampp\htdocs\Proyecto-TPI\system\View\View.php(224): include('E:\\xampp\\htdocs...')
#11 E:\xampp\htdocs\Proyecto-TPI\system\View\View.php(227): CodeIgniter\View\View->CodeIgniter\View\{closure}()
#12 E:\xampp\htdocs\Proyecto-TPI\system\View\View.php(240): CodeIgniter\View\View->render('layouts/plantil...', Array, true)
#13 E:\xampp\htdocs\Proyecto-TPI\system\Common.php(1173): CodeIgniter\View\View->render('front/princi...', Array, true)
#14 E:\xampp\htdocs\Proyecto-TPI\app\Controllers\Principal.php(11): view('front/princi...')
#15 E:\xampp\htdocs\Proyecto-TPI\system\CodeIgniter.php(933): App\Controllers\Principal->index()
#16 E:\xampp\htdocs\Proyecto-TPI\system\CodeIgniter.php(507): CodeIgniter\CodeIgniter->runController(Object(App\Controllers\Principal))
#17 E:\xampp\htdocs\Proyecto-TPI\system\CodeIgniter.php(354): CodeIgniter\CodeIgniter->handleRequest(NULL, Object(Config\Cache), false)
#18 E:\xampp\htdocs\Proyecto-TPI\system\Boot.php(334): CodeIgniter\CodeIgniter->run()
#19 E:\xampp\htdocs\Proyecto-TPI\system\Boot.php(67): CodeIgniter\Boot::runCodeIgniter(Object(CodeIgniter\CodeIgniter))
#20 E:\xampp\htdocs\Proyecto-TPI\public\index.php(56): CodeIgniter\Boot::bootWeb(Object(Config\Paths))
#21 {main}
CRITICAL - 2025-06-19 19:48:45 --> CodeIgniter\Database\Exceptions\DatabaseException: Unable to connect to the database.
Main connection [MySQLi]: No connection could be made because the target machine actively refused it
[Method: GET, Route: /]
in SYSTEMPATH\Database\BaseConnection.php on line 467.
 1 SYSTEMPATH\Database\BaseConnection.php(620): CodeIgniter\Database\BaseConnection->initialize()
 2 SYSTEMPATH\Database\BaseBuilder.php(1649): CodeIgniter\Database\BaseConnection->query('SELECT *
FROM `categorias`', [], false)
 3 SYSTEMPATH\Model.php(286): CodeIgniter\Database\BaseBuilder->get()
 4 SYSTEMPATH\BaseModel.php(675): CodeIgniter\Model->doFindAll(0, 0)
 5 APPPATH\Views\layouts\header.php(200): CodeIgniter\BaseModel->findAll()
 6 SYSTEMPATH\View\View.php(224): include('E:\\xampp\\htdocs\\Proyecto-TPI\\app\\Views\\layouts\\header.php')
 7 SYSTEMPATH\View\View.php(227): CodeIgniter\View\View->CodeIgniter\View\{closure}()
 8 SYSTEMPATH\View\View.php(475): CodeIgniter\View\View->render('layouts/header', null, true)
 9 APPPATH\Views\layouts\plantilla.php(25): CodeIgniter\View\View->include('layouts/header')
10 SYSTEMPATH\View\View.php(224): include('E:\\xampp\\htdocs\\Proyecto-TPI\\app\\Views\\layouts\\plantilla.php')
11 SYSTEMPATH\View\View.php(227): CodeIgniter\View\View->CodeIgniter\View\{closure}()
12 SYSTEMPATH\View\View.php(240): CodeIgniter\View\View->render('layouts/plantilla', [], true)
13 SYSTEMPATH\Common.php(1173): CodeIgniter\View\View->render('front/principal', [], true)
14 APPPATH\Controllers\Principal.php(11): view('front/principal')
15 SYSTEMPATH\CodeIgniter.php(933): App\Controllers\Principal->index()
16 SYSTEMPATH\CodeIgniter.php(507): CodeIgniter\CodeIgniter->runController(Object(App\Controllers\Principal))
17 SYSTEMPATH\CodeIgniter.php(354): CodeIgniter\CodeIgniter->handleRequest(null, Object(Config\Cache), false)
18 SYSTEMPATH\Boot.php(334): CodeIgniter\CodeIgniter->run()
19 SYSTEMPATH\Boot.php(67): CodeIgniter\Boot::runCodeIgniter(Object(CodeIgniter\CodeIgniter))
20 FCPATH\index.php(56): CodeIgniter\Boot::bootWeb(Object(Config\Paths))
CRITICAL - 2025-06-19 20:27:22 --> CodeIgniter\View\Exceptions\ViewException: Archivo invlido: admin/categorias/index.php
[Method: GET, Route: admin/categorias]
in SYSTEMPATH\Exceptions\FrameworkException.php on line 39.
 1 SYSTEMPATH\View\View.php(212): CodeIgniter\Exceptions\FrameworkException::forInvalidFile('admin/categorias/index.php')
 2 SYSTEMPATH\Common.php(1173): CodeIgniter\View\View->render('admin/categorias/index', [], true)
 3 APPPATH\Controllers\Categorias.php(16): view('admin/categorias/index', [...])
 4 SYSTEMPATH\CodeIgniter.php(933): App\Controllers\Categorias->index()
 5 SYSTEMPATH\CodeIgniter.php(507): CodeIgniter\CodeIgniter->runController(Object(App\Controllers\Categorias))
 6 SYSTEMPATH\CodeIgniter.php(354): CodeIgniter\CodeIgniter->handleRequest(null, Object(Config\Cache), false)
 7 SYSTEMPATH\Boot.php(334): CodeIgniter\CodeIgniter->run()
 8 SYSTEMPATH\Boot.php(67): CodeIgniter\Boot::runCodeIgniter(Object(CodeIgniter\CodeIgniter))
 9 FCPATH\index.php(56): CodeIgniter\Boot::bootWeb(Object(Config\Paths))
CRITICAL - 2025-06-19 20:32:06 --> CodeIgniter\View\Exceptions\ViewException: Archivo invlido: admin/categorias/editar.php
[Method: GET, Route: admin/categorias/editar/1]
in SYSTEMPATH\Exceptions\FrameworkException.php on line 39.
 1 SYSTEMPATH\View\View.php(212): CodeIgniter\Exceptions\FrameworkException::forInvalidFile('admin/categorias/editar.php')
 2 SYSTEMPATH\Common.php(1173): CodeIgniter\View\View->render('admin/categorias/editar', [], true)
 3 APPPATH\Controllers\Categorias.php(96): view('admin/categorias/editar', [...])
 4 SYSTEMPATH\CodeIgniter.php(933): App\Controllers\Categorias->editar('1')
 5 SYSTEMPATH\CodeIgniter.php(507): CodeIgniter\CodeIgniter->runController(Object(App\Controllers\Categorias))
 6 SYSTEMPATH\CodeIgniter.php(354): CodeIgniter\CodeIgniter->handleRequest(null, Object(Config\Cache), false)
 7 SYSTEMPATH\Boot.php(334): CodeIgniter\CodeIgniter->run()
 8 SYSTEMPATH\Boot.php(67): CodeIgniter\Boot::runCodeIgniter(Object(CodeIgniter\CodeIgniter))
 9 FCPATH\index.php(56): CodeIgniter\Boot::bootWeb(Object(Config\Paths))
CRITICAL - 2025-06-19 20:32:43 --> CodeIgniter\View\Exceptions\ViewException: Archivo invlido: admin/categorias/editar.php
[Method: GET, Route: admin/categorias/editar/1]
in SYSTEMPATH\Exceptions\FrameworkException.php on line 39.
 1 SYSTEMPATH\View\View.php(212): CodeIgniter\Exceptions\FrameworkException::forInvalidFile('admin/categorias/editar.php')
 2 SYSTEMPATH\Common.php(1173): CodeIgniter\View\View->render('admin/categorias/editar', [], true)
 3 APPPATH\Controllers\Categorias.php(96): view('admin/categorias/editar', [...])
 4 SYSTEMPATH\CodeIgniter.php(933): App\Controllers\Categorias->editar('1')
 5 SYSTEMPATH\CodeIgniter.php(507): CodeIgniter\CodeIgniter->runController(Object(App\Controllers\Categorias))
 6 SYSTEMPATH\CodeIgniter.php(354): CodeIgniter\CodeIgniter->handleRequest(null, Object(Config\Cache), false)
 7 SYSTEMPATH\Boot.php(334): CodeIgniter\CodeIgniter->run()
 8 SYSTEMPATH\Boot.php(67): CodeIgniter\Boot::runCodeIgniter(Object(CodeIgniter\CodeIgniter))
 9 FCPATH\index.php(56): CodeIgniter\Boot::bootWeb(Object(Config\Paths))
CRITICAL - 2025-06-19 20:34:28 --> CodeIgniter\View\Exceptions\ViewException: Archivo invlido: admin/categorias/index.php
[Method: GET, Route: admin/categorias/inactivas]
in SYSTEMPATH\Exceptions\FrameworkException.php on line 39.
 1 SYSTEMPATH\View\View.php(212): CodeIgniter\Exceptions\FrameworkException::forInvalidFile('admin/categorias/index.php')
 2 SYSTEMPATH\Common.php(1173): CodeIgniter\View\View->render('admin/categorias/index', [], true)
 3 APPPATH\Controllers\Categorias.php(82): view('admin/categorias/index', [...])
 4 SYSTEMPATH\CodeIgniter.php(933): App\Controllers\Categorias->inactivas()
 5 SYSTEMPATH\CodeIgniter.php(507): CodeIgniter\CodeIgniter->runController(Object(App\Controllers\Categorias))
 6 SYSTEMPATH\CodeIgniter.php(354): CodeIgniter\CodeIgniter->handleRequest(null, Object(Config\Cache), false)
 7 SYSTEMPATH\Boot.php(334): CodeIgniter\CodeIgniter->run()
 8 SYSTEMPATH\Boot.php(67): CodeIgniter\Boot::runCodeIgniter(Object(CodeIgniter\CodeIgniter))
 9 FCPATH\index.php(56): CodeIgniter\Boot::bootWeb(Object(Config\Paths))
ERROR - 2025-06-19 23:04:44 --> Error connecting to the database: mysqli_sql_exception: No connection could be made because the target machine actively refused it in E:\xampp\htdocs\Proyecto-TPI\system\Database\MySQLi\Connection.php:201
Stack trace:
#0 E:\xampp\htdocs\Proyecto-TPI\system\Database\MySQLi\Connection.php(201): mysqli->real_connect('localhost', 'root', Object(SensitiveParameterValue), 'zonahw', 3306, '', 0)
#1 E:\xampp\htdocs\Proyecto-TPI\system\Database\BaseConnection.php(421): CodeIgniter\Database\MySQLi\Connection->connect(false)
#2 E:\xampp\htdocs\Proyecto-TPI\system\Database\BaseConnection.php(620): CodeIgniter\Database\BaseConnection->initialize()
#3 E:\xampp\htdocs\Proyecto-TPI\system\Database\BaseBuilder.php(1649): CodeIgniter\Database\BaseConnection->query('SELECT *\nFROM `...', Array, false)
#4 E:\xampp\htdocs\Proyecto-TPI\system\Model.php(286): CodeIgniter\Database\BaseBuilder->get()
#5 E:\xampp\htdocs\Proyecto-TPI\system\BaseModel.php(675): CodeIgniter\Model->doFindAll(0, 0)
#6 E:\xampp\htdocs\Proyecto-TPI\app\Views\layouts\header.php(200): CodeIgniter\BaseModel->findAll()
#7 E:\xampp\htdocs\Proyecto-TPI\system\View\View.php(224): include('E:\\xampp\\htdocs...')
#8 E:\xampp\htdocs\Proyecto-TPI\system\View\View.php(227): CodeIgniter\View\View->CodeIgniter\View\{closure}()
#9 E:\xampp\htdocs\Proyecto-TPI\system\View\View.php(475): CodeIgniter\View\View->render('layouts/header', NULL, true)
#10 E:\xampp\htdocs\Proyecto-TPI\app\Views\layouts\plantilla.php(25): CodeIgniter\View\View->include('layouts/header')
#11 E:\xampp\htdocs\Proyecto-TPI\system\View\View.php(224): include('E:\\xampp\\htdocs...')
#12 E:\xampp\htdocs\Proyecto-TPI\system\View\View.php(227): CodeIgniter\View\View->CodeIgniter\View\{closure}()
#13 E:\xampp\htdocs\Proyecto-TPI\system\View\View.php(240): CodeIgniter\View\View->render('layouts/plantil...', Array, true)
#14 E:\xampp\htdocs\Proyecto-TPI\system\Common.php(1173): CodeIgniter\View\View->render('front/princi...', Array, true)
#15 E:\xampp\htdocs\Proyecto-TPI\app\Controllers\Principal.php(11): view('front/princi...')
#16 E:\xampp\htdocs\Proyecto-TPI\system\CodeIgniter.php(933): App\Controllers\Principal->index()
#17 E:\xampp\htdocs\Proyecto-TPI\system\CodeIgniter.php(507): CodeIgniter\CodeIgniter->runController(Object(App\Controllers\Principal))
#18 E:\xampp\htdocs\Proyecto-TPI\system\CodeIgniter.php(354): CodeIgniter\CodeIgniter->handleRequest(NULL, Object(Config\Cache), false)
#19 E:\xampp\htdocs\Proyecto-TPI\system\Boot.php(334): CodeIgniter\CodeIgniter->run()
#20 E:\xampp\htdocs\Proyecto-TPI\system\Boot.php(67): CodeIgniter\Boot::runCodeIgniter(Object(CodeIgniter\CodeIgniter))
#21 E:\xampp\htdocs\Proyecto-TPI\public\index.php(56): CodeIgniter\Boot::bootWeb(Object(Config\Paths))
#22 {main}

Next CodeIgniter\Database\Exceptions\DatabaseException: No connection could be made because the target machine actively refused it in E:\xampp\htdocs\Proyecto-TPI\system\Database\MySQLi\Connection.php:246
Stack trace:
#0 E:\xampp\htdocs\Proyecto-TPI\system\Database\BaseConnection.php(421): CodeIgniter\Database\MySQLi\Connection->connect(false)
#1 E:\xampp\htdocs\Proyecto-TPI\system\Database\BaseConnection.php(620): CodeIgniter\Database\BaseConnection->initialize()
#2 E:\xampp\htdocs\Proyecto-TPI\system\Database\BaseBuilder.php(1649): CodeIgniter\Database\BaseConnection->query('SELECT *\nFROM `...', Array, false)
#3 E:\xampp\htdocs\Proyecto-TPI\system\Model.php(286): CodeIgniter\Database\BaseBuilder->get()
#4 E:\xampp\htdocs\Proyecto-TPI\system\BaseModel.php(675): CodeIgniter\Model->doFindAll(0, 0)
#5 E:\xampp\htdocs\Proyecto-TPI\app\Views\layouts\header.php(200): CodeIgniter\BaseModel->findAll()
#6 E:\xampp\htdocs\Proyecto-TPI\system\View\View.php(224): include('E:\\xampp\\htdocs...')
#7 E:\xampp\htdocs\Proyecto-TPI\system\View\View.php(227): CodeIgniter\View\View->CodeIgniter\View\{closure}()
#8 E:\xampp\htdocs\Proyecto-TPI\system\View\View.php(475): CodeIgniter\View\View->render('layouts/header', NULL, true)
#9 E:\xampp\htdocs\Proyecto-TPI\app\Views\layouts\plantilla.php(25): CodeIgniter\View\View->include('layouts/header')
#10 E:\xampp\htdocs\Proyecto-TPI\system\View\View.php(224): include('E:\\xampp\\htdocs...')
#11 E:\xampp\htdocs\Proyecto-TPI\system\View\View.php(227): CodeIgniter\View\View->CodeIgniter\View\{closure}()
#12 E:\xampp\htdocs\Proyecto-TPI\system\View\View.php(240): CodeIgniter\View\View->render('layouts/plantil...', Array, true)
#13 E:\xampp\htdocs\Proyecto-TPI\system\Common.php(1173): CodeIgniter\View\View->render('front/princi...', Array, true)
#14 E:\xampp\htdocs\Proyecto-TPI\app\Controllers\Principal.php(11): view('front/princi...')
#15 E:\xampp\htdocs\Proyecto-TPI\system\CodeIgniter.php(933): App\Controllers\Principal->index()
#16 E:\xampp\htdocs\Proyecto-TPI\system\CodeIgniter.php(507): CodeIgniter\CodeIgniter->runController(Object(App\Controllers\Principal))
#17 E:\xampp\htdocs\Proyecto-TPI\system\CodeIgniter.php(354): CodeIgniter\CodeIgniter->handleRequest(NULL, Object(Config\Cache), false)
#18 E:\xampp\htdocs\Proyecto-TPI\system\Boot.php(334): CodeIgniter\CodeIgniter->run()
#19 E:\xampp\htdocs\Proyecto-TPI\system\Boot.php(67): CodeIgniter\Boot::runCodeIgniter(Object(CodeIgniter\CodeIgniter))
#20 E:\xampp\htdocs\Proyecto-TPI\public\index.php(56): CodeIgniter\Boot::bootWeb(Object(Config\Paths))
#21 {main}
CRITICAL - 2025-06-19 23:04:44 --> CodeIgniter\Database\Exceptions\DatabaseException: Unable to connect to the database.
Main connection [MySQLi]: No connection could be made because the target machine actively refused it
[Method: GET, Route: /]
in SYSTEMPATH\Database\BaseConnection.php on line 467.
 1 SYSTEMPATH\Database\BaseConnection.php(620): CodeIgniter\Database\BaseConnection->initialize()
 2 SYSTEMPATH\Database\BaseBuilder.php(1649): CodeIgniter\Database\BaseConnection->query('SELECT *
FROM `categorias`', [], false)
 3 SYSTEMPATH\Model.php(286): CodeIgniter\Database\BaseBuilder->get()
 4 SYSTEMPATH\BaseModel.php(675): CodeIgniter\Model->doFindAll(0, 0)
 5 APPPATH\Views\layouts\header.php(200): CodeIgniter\BaseModel->findAll()
 6 SYSTEMPATH\View\View.php(224): include('E:\\xampp\\htdocs\\Proyecto-TPI\\app\\Views\\layouts\\header.php')
 7 SYSTEMPATH\View\View.php(227): CodeIgniter\View\View->CodeIgniter\View\{closure}()
 8 SYSTEMPATH\View\View.php(475): CodeIgniter\View\View->render('layouts/header', null, true)
 9 APPPATH\Views\layouts\plantilla.php(25): CodeIgniter\View\View->include('layouts/header')
10 SYSTEMPATH\View\View.php(224): include('E:\\xampp\\htdocs\\Proyecto-TPI\\app\\Views\\layouts\\plantilla.php')
11 SYSTEMPATH\View\View.php(227): CodeIgniter\View\View->CodeIgniter\View\{closure}()
12 SYSTEMPATH\View\View.php(240): CodeIgniter\View\View->render('layouts/plantilla', [], true)
13 SYSTEMPATH\Common.php(1173): CodeIgniter\View\View->render('front/principal', [], true)
14 APPPATH\Controllers\Principal.php(11): view('front/principal')
15 SYSTEMPATH\CodeIgniter.php(933): App\Controllers\Principal->index()
16 SYSTEMPATH\CodeIgniter.php(507): CodeIgniter\CodeIgniter->runController(Object(App\Controllers\Principal))
17 SYSTEMPATH\CodeIgniter.php(354): CodeIgniter\CodeIgniter->handleRequest(null, Object(Config\Cache), false)
18 SYSTEMPATH\Boot.php(334): CodeIgniter\CodeIgniter->run()
19 SYSTEMPATH\Boot.php(67): CodeIgniter\Boot::runCodeIgniter(Object(CodeIgniter\CodeIgniter))
20 FCPATH\index.php(56): CodeIgniter\Boot::bootWeb(Object(Config\Paths))
ERROR - 2025-06-19 23:05:58 --> Error connecting to the database: mysqli_sql_exception: No connection could be made because the target machine actively refused it in E:\xampp\htdocs\Proyecto-TPI\system\Database\MySQLi\Connection.php:201
Stack trace:
#0 E:\xampp\htdocs\Proyecto-TPI\system\Database\MySQLi\Connection.php(201): mysqli->real_connect('localhost', 'root', Object(SensitiveParameterValue), 'zonahw', 3306, '', 0)
#1 E:\xampp\htdocs\Proyecto-TPI\system\Database\BaseConnection.php(421): CodeIgniter\Database\MySQLi\Connection->connect(false)
#2 E:\xampp\htdocs\Proyecto-TPI\system\Database\BaseConnection.php(620): CodeIgniter\Database\BaseConnection->initialize()
#3 E:\xampp\htdocs\Proyecto-TPI\system\Database\BaseBuilder.php(1649): CodeIgniter\Database\BaseConnection->query('SELECT *\nFROM `...', Array, false)
#4 E:\xampp\htdocs\Proyecto-TPI\system\Model.php(286): CodeIgniter\Database\BaseBuilder->get()
#5 E:\xampp\htdocs\Proyecto-TPI\system\BaseModel.php(675): CodeIgniter\Model->doFindAll(0, 0)
#6 E:\xampp\htdocs\Proyecto-TPI\app\Views\layouts\header.php(200): CodeIgniter\BaseModel->findAll()
#7 E:\xampp\htdocs\Proyecto-TPI\system\View\View.php(224): include('E:\\xampp\\htdocs...')
#8 E:\xampp\htdocs\Proyecto-TPI\system\View\View.php(227): CodeIgniter\View\View->CodeIgniter\View\{closure}()
#9 E:\xampp\htdocs\Proyecto-TPI\system\View\View.php(475): CodeIgniter\View\View->render('layouts/header', NULL, true)
#10 E:\xampp\htdocs\Proyecto-TPI\app\Views\layouts\plantilla.php(25): CodeIgniter\View\View->include('layouts/header')
#11 E:\xampp\htdocs\Proyecto-TPI\system\View\View.php(224): include('E:\\xampp\\htdocs...')
#12 E:\xampp\htdocs\Proyecto-TPI\system\View\View.php(227): CodeIgniter\View\View->CodeIgniter\View\{closure}()
#13 E:\xampp\htdocs\Proyecto-TPI\system\View\View.php(240): CodeIgniter\View\View->render('layouts/plantil...', Array, true)
#14 E:\xampp\htdocs\Proyecto-TPI\system\Common.php(1173): CodeIgniter\View\View->render('front/princi...', Array, true)
#15 E:\xampp\htdocs\Proyecto-TPI\app\Controllers\Principal.php(11): view('front/princi...')
#16 E:\xampp\htdocs\Proyecto-TPI\system\CodeIgniter.php(933): App\Controllers\Principal->index()
#17 E:\xampp\htdocs\Proyecto-TPI\system\CodeIgniter.php(507): CodeIgniter\CodeIgniter->runController(Object(App\Controllers\Principal))
#18 E:\xampp\htdocs\Proyecto-TPI\system\CodeIgniter.php(354): CodeIgniter\CodeIgniter->handleRequest(NULL, Object(Config\Cache), false)
#19 E:\xampp\htdocs\Proyecto-TPI\system\Boot.php(334): CodeIgniter\CodeIgniter->run()
#20 E:\xampp\htdocs\Proyecto-TPI\system\Boot.php(67): CodeIgniter\Boot::runCodeIgniter(Object(CodeIgniter\CodeIgniter))
#21 E:\xampp\htdocs\Proyecto-TPI\public\index.php(56): CodeIgniter\Boot::bootWeb(Object(Config\Paths))
#22 {main}

Next CodeIgniter\Database\Exceptions\DatabaseException: No connection could be made because the target machine actively refused it in E:\xampp\htdocs\Proyecto-TPI\system\Database\MySQLi\Connection.php:246
Stack trace:
#0 E:\xampp\htdocs\Proyecto-TPI\system\Database\BaseConnection.php(421): CodeIgniter\Database\MySQLi\Connection->connect(false)
#1 E:\xampp\htdocs\Proyecto-TPI\system\Database\BaseConnection.php(620): CodeIgniter\Database\BaseConnection->initialize()
#2 E:\xampp\htdocs\Proyecto-TPI\system\Database\BaseBuilder.php(1649): CodeIgniter\Database\BaseConnection->query('SELECT *\nFROM `...', Array, false)
#3 E:\xampp\htdocs\Proyecto-TPI\system\Model.php(286): CodeIgniter\Database\BaseBuilder->get()
#4 E:\xampp\htdocs\Proyecto-TPI\system\BaseModel.php(675): CodeIgniter\Model->doFindAll(0, 0)
#5 E:\xampp\htdocs\Proyecto-TPI\app\Views\layouts\header.php(200): CodeIgniter\BaseModel->findAll()
#6 E:\xampp\htdocs\Proyecto-TPI\system\View\View.php(224): include('E:\\xampp\\htdocs...')
#7 E:\xampp\htdocs\Proyecto-TPI\system\View\View.php(227): CodeIgniter\View\View->CodeIgniter\View\{closure}()
#8 E:\xampp\htdocs\Proyecto-TPI\system\View\View.php(475): CodeIgniter\View\View->render('layouts/header', NULL, true)
#9 E:\xampp\htdocs\Proyecto-TPI\app\Views\layouts\plantilla.php(25): CodeIgniter\View\View->include('layouts/header')
#10 E:\xampp\htdocs\Proyecto-TPI\system\View\View.php(224): include('E:\\xampp\\htdocs...')
#11 E:\xampp\htdocs\Proyecto-TPI\system\View\View.php(227): CodeIgniter\View\View->CodeIgniter\View\{closure}()
#12 E:\xampp\htdocs\Proyecto-TPI\system\View\View.php(240): CodeIgniter\View\View->render('layouts/plantil...', Array, true)
#13 E:\xampp\htdocs\Proyecto-TPI\system\Common.php(1173): CodeIgniter\View\View->render('front/princi...', Array, true)
#14 E:\xampp\htdocs\Proyecto-TPI\app\Controllers\Principal.php(11): view('front/princi...')
#15 E:\xampp\htdocs\Proyecto-TPI\system\CodeIgniter.php(933): App\Controllers\Principal->index()
#16 E:\xampp\htdocs\Proyecto-TPI\system\CodeIgniter.php(507): CodeIgniter\CodeIgniter->runController(Object(App\Controllers\Principal))
#17 E:\xampp\htdocs\Proyecto-TPI\system\CodeIgniter.php(354): CodeIgniter\CodeIgniter->handleRequest(NULL, Object(Config\Cache), false)
#18 E:\xampp\htdocs\Proyecto-TPI\system\Boot.php(334): CodeIgniter\CodeIgniter->run()
#19 E:\xampp\htdocs\Proyecto-TPI\system\Boot.php(67): CodeIgniter\Boot::runCodeIgniter(Object(CodeIgniter\CodeIgniter))
#20 E:\xampp\htdocs\Proyecto-TPI\public\index.php(56): CodeIgniter\Boot::bootWeb(Object(Config\Paths))
#21 {main}
CRITICAL - 2025-06-19 23:05:59 --> CodeIgniter\Database\Exceptions\DatabaseException: Unable to connect to the database.
Main connection [MySQLi]: No connection could be made because the target machine actively refused it
[Method: GET, Route: /]
in SYSTEMPATH\Database\BaseConnection.php on line 467.
 1 SYSTEMPATH\Database\BaseConnection.php(620): CodeIgniter\Database\BaseConnection->initialize()
 2 SYSTEMPATH\Database\BaseBuilder.php(1649): CodeIgniter\Database\BaseConnection->query('SELECT *
FROM `categorias`', [], false)
 3 SYSTEMPATH\Model.php(286): CodeIgniter\Database\BaseBuilder->get()
 4 SYSTEMPATH\BaseModel.php(675): CodeIgniter\Model->doFindAll(0, 0)
 5 APPPATH\Views\layouts\header.php(200): CodeIgniter\BaseModel->findAll()
 6 SYSTEMPATH\View\View.php(224): include('E:\\xampp\\htdocs\\Proyecto-TPI\\app\\Views\\layouts\\header.php')
 7 SYSTEMPATH\View\View.php(227): CodeIgniter\View\View->CodeIgniter\View\{closure}()
 8 SYSTEMPATH\View\View.php(475): CodeIgniter\View\View->render('layouts/header', null, true)
 9 APPPATH\Views\layouts\plantilla.php(25): CodeIgniter\View\View->include('layouts/header')
10 SYSTEMPATH\View\View.php(224): include('E:\\xampp\\htdocs\\Proyecto-TPI\\app\\Views\\layouts\\plantilla.php')
11 SYSTEMPATH\View\View.php(227): CodeIgniter\View\View->CodeIgniter\View\{closure}()
12 SYSTEMPATH\View\View.php(240): CodeIgniter\View\View->render('layouts/plantilla', [], true)
13 SYSTEMPATH\Common.php(1173): CodeIgniter\View\View->render('front/principal', [], true)
14 APPPATH\Controllers\Principal.php(11): view('front/principal')
15 SYSTEMPATH\CodeIgniter.php(933): App\Controllers\Principal->index()
16 SYSTEMPATH\CodeIgniter.php(507): CodeIgniter\CodeIgniter->runController(Object(App\Controllers\Principal))
17 SYSTEMPATH\CodeIgniter.php(354): CodeIgniter\CodeIgniter->handleRequest(null, Object(Config\Cache), false)
18 SYSTEMPATH\Boot.php(334): CodeIgniter\CodeIgniter->run()
19 SYSTEMPATH\Boot.php(67): CodeIgniter\Boot::runCodeIgniter(Object(CodeIgniter\CodeIgniter))
20 FCPATH\index.php(56): CodeIgniter\Boot::bootWeb(Object(Config\Paths))
