ERROR - 2025-06-18 00:53:53 --> Error connecting to the database: mysqli_sql_exception: Unknown database 'zonahw' in C:\xampp\htdocs\Proyecto-TPI\system\Database\MySQLi\Connection.php:201
Stack trace:
#0 C:\xampp\htdocs\Proyecto-TPI\system\Database\MySQLi\Connection.php(201): mysqli->real_connect('localhost', 'root', Object(SensitiveParameterValue), 'zonahw', 3306, '', 0)
#1 C:\xampp\htdocs\Proyecto-TPI\system\Database\BaseConnection.php(421): CodeIgniter\Database\MySQLi\Connection->connect(false)
#2 C:\xampp\htdocs\Proyecto-TPI\system\Database\BaseConnection.php(620): CodeIgniter\Database\BaseConnection->initialize()
#3 C:\xampp\htdocs\Proyecto-TPI\system\Database\BaseBuilder.php(1649): CodeIgniter\Database\BaseConnection->query('SELECT *\nFROM `...', Array, false)
#4 C:\xampp\htdocs\Proyecto-TPI\system\Model.php(286): CodeIgniter\Database\BaseBuilder->get()
#5 C:\xampp\htdocs\Proyecto-TPI\system\BaseModel.php(675): CodeIgniter\Model->doFindAll(0, 0)
#6 C:\xampp\htdocs\Proyecto-TPI\app\Views\layouts\header.php(200): CodeIgniter\BaseModel->findAll()
#7 C:\xampp\htdocs\Proyecto-TPI\system\View\View.php(224): include('C:\\xampp\\htdocs...')
#8 C:\xampp\htdocs\Proyecto-TPI\system\View\View.php(227): CodeIgniter\View\View->CodeIgniter\View\{closure}()
#9 C:\xampp\htdocs\Proyecto-TPI\system\View\View.php(475): CodeIgniter\View\View->render('layouts/header', NULL, true)
#10 C:\xampp\htdocs\Proyecto-TPI\app\Views\layouts\plantilla.php(25): CodeIgniter\View\View->include('layouts/header')
#11 C:\xampp\htdocs\Proyecto-TPI\system\View\View.php(224): include('C:\\xampp\\htdocs...')
#12 C:\xampp\htdocs\Proyecto-TPI\system\View\View.php(227): CodeIgniter\View\View->CodeIgniter\View\{closure}()
#13 C:\xampp\htdocs\Proyecto-TPI\system\View\View.php(240): CodeIgniter\View\View->render('layouts/plantil...', Array, true)
#14 C:\xampp\htdocs\Proyecto-TPI\system\Common.php(1173): CodeIgniter\View\View->render('frontend/regist...', Array, true)
#15 C:\xampp\htdocs\Proyecto-TPI\app\Controllers\Autenticacion.php(11): view('frontend/regist...')
#16 C:\xampp\htdocs\Proyecto-TPI\system\CodeIgniter.php(933): App\Controllers\Autenticacion->registro()
#17 C:\xampp\htdocs\Proyecto-TPI\system\CodeIgniter.php(507): CodeIgniter\CodeIgniter->runController(Object(App\Controllers\Autenticacion))
#18 C:\xampp\htdocs\Proyecto-TPI\system\CodeIgniter.php(354): CodeIgniter\CodeIgniter->handleRequest(NULL, Object(Config\Cache), false)
#19 C:\xampp\htdocs\Proyecto-TPI\system\Boot.php(334): CodeIgniter\CodeIgniter->run()
#20 C:\xampp\htdocs\Proyecto-TPI\system\Boot.php(67): CodeIgniter\Boot::runCodeIgniter(Object(CodeIgniter\CodeIgniter))
#21 C:\xampp\htdocs\Proyecto-TPI\public\index.php(56): CodeIgniter\Boot::bootWeb(Object(Config\Paths))
#22 {main}

Next CodeIgniter\Database\Exceptions\DatabaseException: Unknown database 'zonahw' in C:\xampp\htdocs\Proyecto-TPI\system\Database\MySQLi\Connection.php:246
Stack trace:
#0 C:\xampp\htdocs\Proyecto-TPI\system\Database\BaseConnection.php(421): CodeIgniter\Database\MySQLi\Connection->connect(false)
#1 C:\xampp\htdocs\Proyecto-TPI\system\Database\BaseConnection.php(620): CodeIgniter\Database\BaseConnection->initialize()
#2 C:\xampp\htdocs\Proyecto-TPI\system\Database\BaseBuilder.php(1649): CodeIgniter\Database\BaseConnection->query('SELECT *\nFROM `...', Array, false)
#3 C:\xampp\htdocs\Proyecto-TPI\system\Model.php(286): CodeIgniter\Database\BaseBuilder->get()
#4 C:\xampp\htdocs\Proyecto-TPI\system\BaseModel.php(675): CodeIgniter\Model->doFindAll(0, 0)
#5 C:\xampp\htdocs\Proyecto-TPI\app\Views\layouts\header.php(200): CodeIgniter\BaseModel->findAll()
#6 C:\xampp\htdocs\Proyecto-TPI\system\View\View.php(224): include('C:\\xampp\\htdocs...')
#7 C:\xampp\htdocs\Proyecto-TPI\system\View\View.php(227): CodeIgniter\View\View->CodeIgniter\View\{closure}()
#8 C:\xampp\htdocs\Proyecto-TPI\system\View\View.php(475): CodeIgniter\View\View->render('layouts/header', NULL, true)
#9 C:\xampp\htdocs\Proyecto-TPI\app\Views\layouts\plantilla.php(25): CodeIgniter\View\View->include('layouts/header')
#10 C:\xampp\htdocs\Proyecto-TPI\system\View\View.php(224): include('C:\\xampp\\htdocs...')
#11 C:\xampp\htdocs\Proyecto-TPI\system\View\View.php(227): CodeIgniter\View\View->CodeIgniter\View\{closure}()
#12 C:\xampp\htdocs\Proyecto-TPI\system\View\View.php(240): CodeIgniter\View\View->render('layouts/plantil...', Array, true)
#13 C:\xampp\htdocs\Proyecto-TPI\system\Common.php(1173): CodeIgniter\View\View->render('frontend/regist...', Array, true)
#14 C:\xampp\htdocs\Proyecto-TPI\app\Controllers\Autenticacion.php(11): view('frontend/regist...')
#15 C:\xampp\htdocs\Proyecto-TPI\system\CodeIgniter.php(933): App\Controllers\Autenticacion->registro()
#16 C:\xampp\htdocs\Proyecto-TPI\system\CodeIgniter.php(507): CodeIgniter\CodeIgniter->runController(Object(App\Controllers\Autenticacion))
#17 C:\xampp\htdocs\Proyecto-TPI\system\CodeIgniter.php(354): CodeIgniter\CodeIgniter->handleRequest(NULL, Object(Config\Cache), false)
#18 C:\xampp\htdocs\Proyecto-TPI\system\Boot.php(334): CodeIgniter\CodeIgniter->run()
#19 C:\xampp\htdocs\Proyecto-TPI\system\Boot.php(67): CodeIgniter\Boot::runCodeIgniter(Object(CodeIgniter\CodeIgniter))
#20 C:\xampp\htdocs\Proyecto-TPI\public\index.php(56): CodeIgniter\Boot::bootWeb(Object(Config\Paths))
#21 {main}
CRITICAL - 2025-06-18 00:53:53 --> CodeIgniter\Database\Exceptions\DatabaseException: Unable to connect to the database.
Main connection [MySQLi]: Unknown database 'zonahw'
[Method: GET, Route: registro]
in SYSTEMPATH\Database\BaseConnection.php on line 467.
 1 SYSTEMPATH\Database\BaseConnection.php(620): CodeIgniter\Database\BaseConnection->initialize()
 2 SYSTEMPATH\Database\BaseBuilder.php(1649): CodeIgniter\Database\BaseConnection->query('SELECT *
FROM `categorias`', [], false)
 3 SYSTEMPATH\Model.php(286): CodeIgniter\Database\BaseBuilder->get()
 4 SYSTEMPATH\BaseModel.php(675): CodeIgniter\Model->doFindAll(0, 0)
 5 APPPATH\Views\layouts\header.php(200): CodeIgniter\BaseModel->findAll()
 6 SYSTEMPATH\View\View.php(224): include('C:\\xampp\\htdocs\\Proyecto-TPI\\app\\Views\\layouts\\header.php')
 7 SYSTEMPATH\View\View.php(227): CodeIgniter\View\View->CodeIgniter\View\{closure}()
 8 SYSTEMPATH\View\View.php(475): CodeIgniter\View\View->render('layouts/header', null, true)
 9 APPPATH\Views\layouts\plantilla.php(25): CodeIgniter\View\View->include('layouts/header')
10 SYSTEMPATH\View\View.php(224): include('C:\\xampp\\htdocs\\Proyecto-TPI\\app\\Views\\layouts\\plantilla.php')
11 SYSTEMPATH\View\View.php(227): CodeIgniter\View\View->CodeIgniter\View\{closure}()
12 SYSTEMPATH\View\View.php(240): CodeIgniter\View\View->render('layouts/plantilla', [], true)
13 SYSTEMPATH\Common.php(1173): CodeIgniter\View\View->render('frontend/registro', [], true)
14 APPPATH\Controllers\Autenticacion.php(11): view('frontend/registro')
15 SYSTEMPATH\CodeIgniter.php(933): App\Controllers\Autenticacion->registro()
16 SYSTEMPATH\CodeIgniter.php(507): CodeIgniter\CodeIgniter->runController(Object(App\Controllers\Autenticacion))
17 SYSTEMPATH\CodeIgniter.php(354): CodeIgniter\CodeIgniter->handleRequest(null, Object(Config\Cache), false)
18 SYSTEMPATH\Boot.php(334): CodeIgniter\CodeIgniter->run()
19 SYSTEMPATH\Boot.php(67): CodeIgniter\Boot::runCodeIgniter(Object(CodeIgniter\CodeIgniter))
20 FCPATH\index.php(56): CodeIgniter\Boot::bootWeb(Object(Config\Paths))
ERROR - 2025-06-18 00:53:58 --> Error connecting to the database: mysqli_sql_exception: Unknown database 'zonahw' in C:\xampp\htdocs\Proyecto-TPI\system\Database\MySQLi\Connection.php:201
Stack trace:
#0 C:\xampp\htdocs\Proyecto-TPI\system\Database\MySQLi\Connection.php(201): mysqli->real_connect('localhost', 'root', Object(SensitiveParameterValue), 'zonahw', 3306, '', 0)
#1 C:\xampp\htdocs\Proyecto-TPI\system\Database\BaseConnection.php(421): CodeIgniter\Database\MySQLi\Connection->connect(false)
#2 C:\xampp\htdocs\Proyecto-TPI\system\Database\BaseConnection.php(620): CodeIgniter\Database\BaseConnection->initialize()
#3 C:\xampp\htdocs\Proyecto-TPI\system\Database\BaseBuilder.php(1649): CodeIgniter\Database\BaseConnection->query('SELECT *\nFROM `...', Array, false)
#4 C:\xampp\htdocs\Proyecto-TPI\system\Model.php(286): CodeIgniter\Database\BaseBuilder->get()
#5 C:\xampp\htdocs\Proyecto-TPI\system\BaseModel.php(675): CodeIgniter\Model->doFindAll(0, 0)
#6 C:\xampp\htdocs\Proyecto-TPI\app\Views\layouts\header.php(200): CodeIgniter\BaseModel->findAll()
#7 C:\xampp\htdocs\Proyecto-TPI\system\View\View.php(224): include('C:\\xampp\\htdocs...')
#8 C:\xampp\htdocs\Proyecto-TPI\system\View\View.php(227): CodeIgniter\View\View->CodeIgniter\View\{closure}()
#9 C:\xampp\htdocs\Proyecto-TPI\system\View\View.php(475): CodeIgniter\View\View->render('layouts/header', NULL, true)
#10 C:\xampp\htdocs\Proyecto-TPI\app\Views\layouts\plantilla.php(25): CodeIgniter\View\View->include('layouts/header')
#11 C:\xampp\htdocs\Proyecto-TPI\system\View\View.php(224): include('C:\\xampp\\htdocs...')
#12 C:\xampp\htdocs\Proyecto-TPI\system\View\View.php(227): CodeIgniter\View\View->CodeIgniter\View\{closure}()
#13 C:\xampp\htdocs\Proyecto-TPI\system\View\View.php(240): CodeIgniter\View\View->render('layouts/plantil...', Array, true)
#14 C:\xampp\htdocs\Proyecto-TPI\system\Common.php(1173): CodeIgniter\View\View->render('frontend/princi...', Array, true)
#15 C:\xampp\htdocs\Proyecto-TPI\app\Controllers\Principal.php(11): view('frontend/princi...')
#16 C:\xampp\htdocs\Proyecto-TPI\system\CodeIgniter.php(933): App\Controllers\Principal->index()
#17 C:\xampp\htdocs\Proyecto-TPI\system\CodeIgniter.php(507): CodeIgniter\CodeIgniter->runController(Object(App\Controllers\Principal))
#18 C:\xampp\htdocs\Proyecto-TPI\system\CodeIgniter.php(354): CodeIgniter\CodeIgniter->handleRequest(NULL, Object(Config\Cache), false)
#19 C:\xampp\htdocs\Proyecto-TPI\system\Boot.php(334): CodeIgniter\CodeIgniter->run()
#20 C:\xampp\htdocs\Proyecto-TPI\system\Boot.php(67): CodeIgniter\Boot::runCodeIgniter(Object(CodeIgniter\CodeIgniter))
#21 C:\xampp\htdocs\Proyecto-TPI\public\index.php(56): CodeIgniter\Boot::bootWeb(Object(Config\Paths))
#22 {main}

Next CodeIgniter\Database\Exceptions\DatabaseException: Unknown database 'zonahw' in C:\xampp\htdocs\Proyecto-TPI\system\Database\MySQLi\Connection.php:246
Stack trace:
#0 C:\xampp\htdocs\Proyecto-TPI\system\Database\BaseConnection.php(421): CodeIgniter\Database\MySQLi\Connection->connect(false)
#1 C:\xampp\htdocs\Proyecto-TPI\system\Database\BaseConnection.php(620): CodeIgniter\Database\BaseConnection->initialize()
#2 C:\xampp\htdocs\Proyecto-TPI\system\Database\BaseBuilder.php(1649): CodeIgniter\Database\BaseConnection->query('SELECT *\nFROM `...', Array, false)
#3 C:\xampp\htdocs\Proyecto-TPI\system\Model.php(286): CodeIgniter\Database\BaseBuilder->get()
#4 C:\xampp\htdocs\Proyecto-TPI\system\BaseModel.php(675): CodeIgniter\Model->doFindAll(0, 0)
#5 C:\xampp\htdocs\Proyecto-TPI\app\Views\layouts\header.php(200): CodeIgniter\BaseModel->findAll()
#6 C:\xampp\htdocs\Proyecto-TPI\system\View\View.php(224): include('C:\\xampp\\htdocs...')
#7 C:\xampp\htdocs\Proyecto-TPI\system\View\View.php(227): CodeIgniter\View\View->CodeIgniter\View\{closure}()
#8 C:\xampp\htdocs\Proyecto-TPI\system\View\View.php(475): CodeIgniter\View\View->render('layouts/header', NULL, true)
#9 C:\xampp\htdocs\Proyecto-TPI\app\Views\layouts\plantilla.php(25): CodeIgniter\View\View->include('layouts/header')
#10 C:\xampp\htdocs\Proyecto-TPI\system\View\View.php(224): include('C:\\xampp\\htdocs...')
#11 C:\xampp\htdocs\Proyecto-TPI\system\View\View.php(227): CodeIgniter\View\View->CodeIgniter\View\{closure}()
#12 C:\xampp\htdocs\Proyecto-TPI\system\View\View.php(240): CodeIgniter\View\View->render('layouts/plantil...', Array, true)
#13 C:\xampp\htdocs\Proyecto-TPI\system\Common.php(1173): CodeIgniter\View\View->render('frontend/princi...', Array, true)
#14 C:\xampp\htdocs\Proyecto-TPI\app\Controllers\Principal.php(11): view('frontend/princi...')
#15 C:\xampp\htdocs\Proyecto-TPI\system\CodeIgniter.php(933): App\Controllers\Principal->index()
#16 C:\xampp\htdocs\Proyecto-TPI\system\CodeIgniter.php(507): CodeIgniter\CodeIgniter->runController(Object(App\Controllers\Principal))
#17 C:\xampp\htdocs\Proyecto-TPI\system\CodeIgniter.php(354): CodeIgniter\CodeIgniter->handleRequest(NULL, Object(Config\Cache), false)
#18 C:\xampp\htdocs\Proyecto-TPI\system\Boot.php(334): CodeIgniter\CodeIgniter->run()
#19 C:\xampp\htdocs\Proyecto-TPI\system\Boot.php(67): CodeIgniter\Boot::runCodeIgniter(Object(CodeIgniter\CodeIgniter))
#20 C:\xampp\htdocs\Proyecto-TPI\public\index.php(56): CodeIgniter\Boot::bootWeb(Object(Config\Paths))
#21 {main}
CRITICAL - 2025-06-18 00:53:58 --> CodeIgniter\Database\Exceptions\DatabaseException: Unable to connect to the database.
Main connection [MySQLi]: Unknown database 'zonahw'
[Method: GET, Route: /]
in SYSTEMPATH\Database\BaseConnection.php on line 467.
 1 SYSTEMPATH\Database\BaseConnection.php(620): CodeIgniter\Database\BaseConnection->initialize()
 2 SYSTEMPATH\Database\BaseBuilder.php(1649): CodeIgniter\Database\BaseConnection->query('SELECT *
FROM `categorias`', [], false)
 3 SYSTEMPATH\Model.php(286): CodeIgniter\Database\BaseBuilder->get()
 4 SYSTEMPATH\BaseModel.php(675): CodeIgniter\Model->doFindAll(0, 0)
 5 APPPATH\Views\layouts\header.php(200): CodeIgniter\BaseModel->findAll()
 6 SYSTEMPATH\View\View.php(224): include('C:\\xampp\\htdocs\\Proyecto-TPI\\app\\Views\\layouts\\header.php')
 7 SYSTEMPATH\View\View.php(227): CodeIgniter\View\View->CodeIgniter\View\{closure}()
 8 SYSTEMPATH\View\View.php(475): CodeIgniter\View\View->render('layouts/header', null, true)
 9 APPPATH\Views\layouts\plantilla.php(25): CodeIgniter\View\View->include('layouts/header')
10 SYSTEMPATH\View\View.php(224): include('C:\\xampp\\htdocs\\Proyecto-TPI\\app\\Views\\layouts\\plantilla.php')
11 SYSTEMPATH\View\View.php(227): CodeIgniter\View\View->CodeIgniter\View\{closure}()
12 SYSTEMPATH\View\View.php(240): CodeIgniter\View\View->render('layouts/plantilla', [], true)
13 SYSTEMPATH\Common.php(1173): CodeIgniter\View\View->render('frontend/principal', [], true)
14 APPPATH\Controllers\Principal.php(11): view('frontend/principal')
15 SYSTEMPATH\CodeIgniter.php(933): App\Controllers\Principal->index()
16 SYSTEMPATH\CodeIgniter.php(507): CodeIgniter\CodeIgniter->runController(Object(App\Controllers\Principal))
17 SYSTEMPATH\CodeIgniter.php(354): CodeIgniter\CodeIgniter->handleRequest(null, Object(Config\Cache), false)
18 SYSTEMPATH\Boot.php(334): CodeIgniter\CodeIgniter->run()
19 SYSTEMPATH\Boot.php(67): CodeIgniter\Boot::runCodeIgniter(Object(CodeIgniter\CodeIgniter))
20 FCPATH\index.php(56): CodeIgniter\Boot::bootWeb(Object(Config\Paths))
CRITICAL - 2025-06-18 02:55:53 --> ErrorException: Undefined variable $categoriaModel
[Method: POST, Route: admin/categorias/cargar_categoria]
in APPPATH\Controllers\Categorias.php on line 30.
 1 APPPATH\Controllers\Categorias.php(30): CodeIgniter\Debug\Exceptions->errorHandler(2, 'Undefined variable $categoriaModel', 'C:\\xampp\\htdocs\\Proyecto-TPI\\app\\Controllers\\Categorias.php', 30)
 2 SYSTEMPATH\CodeIgniter.php(933): App\Controllers\Categorias->cargarCategoria()
 3 SYSTEMPATH\CodeIgniter.php(507): CodeIgniter\CodeIgniter->runController(Object(App\Controllers\Categorias))
 4 SYSTEMPATH\CodeIgniter.php(354): CodeIgniter\CodeIgniter->handleRequest(null, Object(Config\Cache), false)
 5 SYSTEMPATH\Boot.php(334): CodeIgniter\CodeIgniter->run()
 6 SYSTEMPATH\Boot.php(67): CodeIgniter\Boot::runCodeIgniter(Object(CodeIgniter\CodeIgniter))
 7 FCPATH\index.php(56): CodeIgniter\Boot::bootWeb(Object(Config\Paths))
CRITICAL - 2025-06-18 02:57:16 --> ErrorException: Undefined variable $categoriaModel
[Method: POST, Route: admin/categorias/cargar_categoria]
in APPPATH\Controllers\Categorias.php on line 30.
 1 APPPATH\Controllers\Categorias.php(30): CodeIgniter\Debug\Exceptions->errorHandler(2, 'Undefined variable $categoriaModel', 'C:\\xampp\\htdocs\\Proyecto-TPI\\app\\Controllers\\Categorias.php', 30)
 2 SYSTEMPATH\CodeIgniter.php(933): App\Controllers\Categorias->cargarCategoria()
 3 SYSTEMPATH\CodeIgniter.php(507): CodeIgniter\CodeIgniter->runController(Object(App\Controllers\Categorias))
 4 SYSTEMPATH\CodeIgniter.php(354): CodeIgniter\CodeIgniter->handleRequest(null, Object(Config\Cache), false)
 5 SYSTEMPATH\Boot.php(334): CodeIgniter\CodeIgniter->run()
 6 SYSTEMPATH\Boot.php(67): CodeIgniter\Boot::runCodeIgniter(Object(CodeIgniter\CodeIgniter))
 7 FCPATH\index.php(56): CodeIgniter\Boot::bootWeb(Object(Config\Paths))
CRITICAL - 2025-06-18 02:58:44 --> ErrorException: Undefined variable $categoriaModel
[Method: POST, Route: admin/categorias/cargar_categoria]
in APPPATH\Controllers\Categorias.php on line 30.
 1 APPPATH\Controllers\Categorias.php(30): CodeIgniter\Debug\Exceptions->errorHandler(2, 'Undefined variable $categoriaModel', 'C:\\xampp\\htdocs\\Proyecto-TPI\\app\\Controllers\\Categorias.php', 30)
 2 SYSTEMPATH\CodeIgniter.php(933): App\Controllers\Categorias->cargarCategoria()
 3 SYSTEMPATH\CodeIgniter.php(507): CodeIgniter\CodeIgniter->runController(Object(App\Controllers\Categorias))
 4 SYSTEMPATH\CodeIgniter.php(354): CodeIgniter\CodeIgniter->handleRequest(null, Object(Config\Cache), false)
 5 SYSTEMPATH\Boot.php(334): CodeIgniter\CodeIgniter->run()
 6 SYSTEMPATH\Boot.php(67): CodeIgniter\Boot::runCodeIgniter(Object(CodeIgniter\CodeIgniter))
 7 FCPATH\index.php(56): CodeIgniter\Boot::bootWeb(Object(Config\Paths))
CRITICAL - 2025-06-18 03:00:13 --> ErrorException: Undefined variable $nombre
[Method: POST, Route: admin/categorias/cargar_categoria]
in APPPATH\Controllers\Categorias.php on line 31.
 1 APPPATH\Controllers\Categorias.php(31): CodeIgniter\Debug\Exceptions->errorHandler(2, 'Undefined variable $nombre', 'C:\\xampp\\htdocs\\Proyecto-TPI\\app\\Controllers\\Categorias.php', 31)
 2 SYSTEMPATH\CodeIgniter.php(933): App\Controllers\Categorias->cargarCategoria()
 3 SYSTEMPATH\CodeIgniter.php(507): CodeIgniter\CodeIgniter->runController(Object(App\Controllers\Categorias))
 4 SYSTEMPATH\CodeIgniter.php(354): CodeIgniter\CodeIgniter->handleRequest(null, Object(Config\Cache), false)
 5 SYSTEMPATH\Boot.php(334): CodeIgniter\CodeIgniter->run()
 6 SYSTEMPATH\Boot.php(67): CodeIgniter\Boot::runCodeIgniter(Object(CodeIgniter\CodeIgniter))
 7 FCPATH\index.php(56): CodeIgniter\Boot::bootWeb(Object(Config\Paths))
CRITICAL - 2025-06-18 21:14:24 --> ErrorException: Undefined variable $nombre
[Method: POST, Route: admin/categorias/cargar_categoria]
in APPPATH\Controllers\Categorias.php on line 31.
 1 APPPATH\Controllers\Categorias.php(31): CodeIgniter\Debug\Exceptions->errorHandler(2, 'Undefined variable $nombre', 'C:\\xampp\\htdocs\\Proyecto-TPI\\app\\Controllers\\Categorias.php', 31)
 2 SYSTEMPATH\CodeIgniter.php(933): App\Controllers\Categorias->cargarCategoria()
 3 SYSTEMPATH\CodeIgniter.php(507): CodeIgniter\CodeIgniter->runController(Object(App\Controllers\Categorias))
 4 SYSTEMPATH\CodeIgniter.php(354): CodeIgniter\CodeIgniter->handleRequest(null, Object(Config\Cache), false)
 5 SYSTEMPATH\Boot.php(334): CodeIgniter\CodeIgniter->run()
 6 SYSTEMPATH\Boot.php(67): CodeIgniter\Boot::runCodeIgniter(Object(CodeIgniter\CodeIgniter))
 7 FCPATH\index.php(56): CodeIgniter\Boot::bootWeb(Object(Config\Paths))
CRITICAL - 2025-06-18 21:19:14 --> ErrorException: Undefined variable $nombre
[Method: POST, Route: admin/categorias/cargar_categoria]
in APPPATH\Controllers\Categorias.php on line 31.
 1 APPPATH\Controllers\Categorias.php(31): CodeIgniter\Debug\Exceptions->errorHandler(2, 'Undefined variable $nombre', 'C:\\xampp\\htdocs\\Proyecto-TPI\\app\\Controllers\\Categorias.php', 31)
 2 SYSTEMPATH\CodeIgniter.php(933): App\Controllers\Categorias->cargarCategoria()
 3 SYSTEMPATH\CodeIgniter.php(507): CodeIgniter\CodeIgniter->runController(Object(App\Controllers\Categorias))
 4 SYSTEMPATH\CodeIgniter.php(354): CodeIgniter\CodeIgniter->handleRequest(null, Object(Config\Cache), false)
 5 SYSTEMPATH\Boot.php(334): CodeIgniter\CodeIgniter->run()
 6 SYSTEMPATH\Boot.php(67): CodeIgniter\Boot::runCodeIgniter(Object(CodeIgniter\CodeIgniter))
 7 FCPATH\index.php(56): CodeIgniter\Boot::bootWeb(Object(Config\Paths))
CRITICAL - 2025-06-18 21:27:06 --> ErrorException: Undefined variable $nombre
[Method: POST, Route: admin/categorias/cargar_categoria]
in APPPATH\Controllers\Categorias.php on line 31.
 1 APPPATH\Controllers\Categorias.php(31): CodeIgniter\Debug\Exceptions->errorHandler(2, 'Undefined variable $nombre', 'C:\\xampp\\htdocs\\Proyecto-TPI\\app\\Controllers\\Categorias.php', 31)
 2 SYSTEMPATH\CodeIgniter.php(933): App\Controllers\Categorias->cargarCategoria()
 3 SYSTEMPATH\CodeIgniter.php(507): CodeIgniter\CodeIgniter->runController(Object(App\Controllers\Categorias))
 4 SYSTEMPATH\CodeIgniter.php(354): CodeIgniter\CodeIgniter->handleRequest(null, Object(Config\Cache), false)
 5 SYSTEMPATH\Boot.php(334): CodeIgniter\CodeIgniter->run()
 6 SYSTEMPATH\Boot.php(67): CodeIgniter\Boot::runCodeIgniter(Object(CodeIgniter\CodeIgniter))
 7 FCPATH\index.php(56): CodeIgniter\Boot::bootWeb(Object(Config\Paths))
