ERROR - 2025-06-11 12:40:43 --> Error connecting to the database: mysqli_sql_exception: Unknown database 'zonahardware' in E:\xampp\htdocs\Proyecto-TPI\system\Database\MySQLi\Connection.php:201
Stack trace:
#0 E:\xampp\htdocs\Proyecto-TPI\system\Database\MySQLi\Connection.php(201): mysqli->real_connect('localhost', 'root', Object(SensitiveParameterValue), 'zonahardware', 3306, '', 0)
#1 E:\xampp\htdocs\Proyecto-TPI\system\Database\BaseConnection.php(421): CodeIgniter\Database\MySQLi\Connection->connect(false)
#2 E:\xampp\htdocs\Proyecto-TPI\system\Database\BaseConnection.php(620): CodeIgniter\Database\BaseConnection->initialize()
#3 E:\xampp\htdocs\Proyecto-TPI\system\Database\BaseBuilder.php(2345): CodeIgniter\Database\BaseConnection->query('INSERT INTO `us...', Array, false)
#4 E:\xampp\htdocs\Proyecto-TPI\system\Model.php(394): CodeIgniter\Database\BaseBuilder->insert()
#5 E:\xampp\htdocs\Proyecto-TPI\system\BaseModel.php(839): CodeIgniter\Model->doInsert(Array)
#6 E:\xampp\htdocs\Proyecto-TPI\system\Model.php(800): CodeIgniter\BaseModel->insert(Array, true)
#7 E:\xampp\htdocs\Proyecto-TPI\app\Controllers\Autenticacion.php(26): CodeIgniter\Model->insert(Array)
#8 E:\xampp\htdocs\Proyecto-TPI\system\CodeIgniter.php(933): App\Controllers\Autenticacion->registroPost()
#9 E:\xampp\htdocs\Proyecto-TPI\system\CodeIgniter.php(507): CodeIgniter\CodeIgniter->runController(Object(App\Controllers\Autenticacion))
#10 E:\xampp\htdocs\Proyecto-TPI\system\CodeIgniter.php(354): CodeIgniter\CodeIgniter->handleRequest(NULL, Object(Config\Cache), false)
#11 E:\xampp\htdocs\Proyecto-TPI\system\Boot.php(334): CodeIgniter\CodeIgniter->run()
#12 E:\xampp\htdocs\Proyecto-TPI\system\Boot.php(67): CodeIgniter\Boot::runCodeIgniter(Object(CodeIgniter\CodeIgniter))
#13 E:\xampp\htdocs\Proyecto-TPI\public\index.php(56): CodeIgniter\Boot::bootWeb(Object(Config\Paths))
#14 {main}

Next CodeIgniter\Database\Exceptions\DatabaseException: Unknown database 'zonahardware' in E:\xampp\htdocs\Proyecto-TPI\system\Database\MySQLi\Connection.php:246
Stack trace:
#0 E:\xampp\htdocs\Proyecto-TPI\system\Database\BaseConnection.php(421): CodeIgniter\Database\MySQLi\Connection->connect(false)
#1 E:\xampp\htdocs\Proyecto-TPI\system\Database\BaseConnection.php(620): CodeIgniter\Database\BaseConnection->initialize()
#2 E:\xampp\htdocs\Proyecto-TPI\system\Database\BaseBuilder.php(2345): CodeIgniter\Database\BaseConnection->query('INSERT INTO `us...', Array, false)
#3 E:\xampp\htdocs\Proyecto-TPI\system\Model.php(394): CodeIgniter\Database\BaseBuilder->insert()
#4 E:\xampp\htdocs\Proyecto-TPI\system\BaseModel.php(839): CodeIgniter\Model->doInsert(Array)
#5 E:\xampp\htdocs\Proyecto-TPI\system\Model.php(800): CodeIgniter\BaseModel->insert(Array, true)
#6 E:\xampp\htdocs\Proyecto-TPI\app\Controllers\Autenticacion.php(26): CodeIgniter\Model->insert(Array)
#7 E:\xampp\htdocs\Proyecto-TPI\system\CodeIgniter.php(933): App\Controllers\Autenticacion->registroPost()
#8 E:\xampp\htdocs\Proyecto-TPI\system\CodeIgniter.php(507): CodeIgniter\CodeIgniter->runController(Object(App\Controllers\Autenticacion))
#9 E:\xampp\htdocs\Proyecto-TPI\system\CodeIgniter.php(354): CodeIgniter\CodeIgniter->handleRequest(NULL, Object(Config\Cache), false)
#10 E:\xampp\htdocs\Proyecto-TPI\system\Boot.php(334): CodeIgniter\CodeIgniter->run()
#11 E:\xampp\htdocs\Proyecto-TPI\system\Boot.php(67): CodeIgniter\Boot::runCodeIgniter(Object(CodeIgniter\CodeIgniter))
#12 E:\xampp\htdocs\Proyecto-TPI\public\index.php(56): CodeIgniter\Boot::bootWeb(Object(Config\Paths))
#13 {main}
CRITICAL - 2025-06-11 12:40:43 --> CodeIgniter\Database\Exceptions\DatabaseException: Unable to connect to the database.
Main connection [MySQLi]: Unknown database 'zonahardware'
[Method: POST, Route: registro]
in SYSTEMPATH\Database\BaseConnection.php on line 467.
 1 SYSTEMPATH\Database\BaseConnection.php(620): CodeIgniter\Database\BaseConnection->initialize()
 2 SYSTEMPATH\Database\BaseBuilder.php(2345): CodeIgniter\Database\BaseConnection->query('INSERT INTO `usuarios` (`nombre`, `apellido`, `username`, `email`, `password`) VALUES (:nombre:, :apellido:, :username:, :email:, :password:)', [...], false)
 3 SYSTEMPATH\Model.php(394): CodeIgniter\Database\BaseBuilder->insert()
 4 SYSTEMPATH\BaseModel.php(839): CodeIgniter\Model->doInsert([...])
 5 SYSTEMPATH\Model.php(800): CodeIgniter\BaseModel->insert([...], true)
 6 APPPATH\Controllers\Autenticacion.php(26): CodeIgniter\Model->insert([...])
 7 SYSTEMPATH\CodeIgniter.php(933): App\Controllers\Autenticacion->registroPost()
 8 SYSTEMPATH\CodeIgniter.php(507): CodeIgniter\CodeIgniter->runController(Object(App\Controllers\Autenticacion))
 9 SYSTEMPATH\CodeIgniter.php(354): CodeIgniter\CodeIgniter->handleRequest(null, Object(Config\Cache), false)
10 SYSTEMPATH\Boot.php(334): CodeIgniter\CodeIgniter->run()
11 SYSTEMPATH\Boot.php(67): CodeIgniter\Boot::runCodeIgniter(Object(CodeIgniter\CodeIgniter))
12 FCPATH\index.php(56): CodeIgniter\Boot::bootWeb(Object(Config\Paths))
ERROR - 2025-06-11 12:42:47 --> Error connecting to the database: mysqli_sql_exception: Unknown database 'zonahardware' in E:\xampp\htdocs\Proyecto-TPI\system\Database\MySQLi\Connection.php:201
Stack trace:
#0 E:\xampp\htdocs\Proyecto-TPI\system\Database\MySQLi\Connection.php(201): mysqli->real_connect('localhost', 'root', Object(SensitiveParameterValue), 'zonahardware', 3306, '', 0)
#1 E:\xampp\htdocs\Proyecto-TPI\system\Database\BaseConnection.php(421): CodeIgniter\Database\MySQLi\Connection->connect(false)
#2 E:\xampp\htdocs\Proyecto-TPI\system\Database\BaseConnection.php(620): CodeIgniter\Database\BaseConnection->initialize()
#3 E:\xampp\htdocs\Proyecto-TPI\system\Database\BaseBuilder.php(2345): CodeIgniter\Database\BaseConnection->query('INSERT INTO `us...', Array, false)
#4 E:\xampp\htdocs\Proyecto-TPI\system\Model.php(394): CodeIgniter\Database\BaseBuilder->insert()
#5 E:\xampp\htdocs\Proyecto-TPI\system\BaseModel.php(839): CodeIgniter\Model->doInsert(Array)
#6 E:\xampp\htdocs\Proyecto-TPI\system\Model.php(800): CodeIgniter\BaseModel->insert(Array, true)
#7 E:\xampp\htdocs\Proyecto-TPI\app\Controllers\Autenticacion.php(26): CodeIgniter\Model->insert(Array)
#8 E:\xampp\htdocs\Proyecto-TPI\system\CodeIgniter.php(933): App\Controllers\Autenticacion->registroPost()
#9 E:\xampp\htdocs\Proyecto-TPI\system\CodeIgniter.php(507): CodeIgniter\CodeIgniter->runController(Object(App\Controllers\Autenticacion))
#10 E:\xampp\htdocs\Proyecto-TPI\system\CodeIgniter.php(354): CodeIgniter\CodeIgniter->handleRequest(NULL, Object(Config\Cache), false)
#11 E:\xampp\htdocs\Proyecto-TPI\system\Boot.php(334): CodeIgniter\CodeIgniter->run()
#12 E:\xampp\htdocs\Proyecto-TPI\system\Boot.php(67): CodeIgniter\Boot::runCodeIgniter(Object(CodeIgniter\CodeIgniter))
#13 E:\xampp\htdocs\Proyecto-TPI\public\index.php(56): CodeIgniter\Boot::bootWeb(Object(Config\Paths))
#14 {main}

Next CodeIgniter\Database\Exceptions\DatabaseException: Unknown database 'zonahardware' in E:\xampp\htdocs\Proyecto-TPI\system\Database\MySQLi\Connection.php:246
Stack trace:
#0 E:\xampp\htdocs\Proyecto-TPI\system\Database\BaseConnection.php(421): CodeIgniter\Database\MySQLi\Connection->connect(false)
#1 E:\xampp\htdocs\Proyecto-TPI\system\Database\BaseConnection.php(620): CodeIgniter\Database\BaseConnection->initialize()
#2 E:\xampp\htdocs\Proyecto-TPI\system\Database\BaseBuilder.php(2345): CodeIgniter\Database\BaseConnection->query('INSERT INTO `us...', Array, false)
#3 E:\xampp\htdocs\Proyecto-TPI\system\Model.php(394): CodeIgniter\Database\BaseBuilder->insert()
#4 E:\xampp\htdocs\Proyecto-TPI\system\BaseModel.php(839): CodeIgniter\Model->doInsert(Array)
#5 E:\xampp\htdocs\Proyecto-TPI\system\Model.php(800): CodeIgniter\BaseModel->insert(Array, true)
#6 E:\xampp\htdocs\Proyecto-TPI\app\Controllers\Autenticacion.php(26): CodeIgniter\Model->insert(Array)
#7 E:\xampp\htdocs\Proyecto-TPI\system\CodeIgniter.php(933): App\Controllers\Autenticacion->registroPost()
#8 E:\xampp\htdocs\Proyecto-TPI\system\CodeIgniter.php(507): CodeIgniter\CodeIgniter->runController(Object(App\Controllers\Autenticacion))
#9 E:\xampp\htdocs\Proyecto-TPI\system\CodeIgniter.php(354): CodeIgniter\CodeIgniter->handleRequest(NULL, Object(Config\Cache), false)
#10 E:\xampp\htdocs\Proyecto-TPI\system\Boot.php(334): CodeIgniter\CodeIgniter->run()
#11 E:\xampp\htdocs\Proyecto-TPI\system\Boot.php(67): CodeIgniter\Boot::runCodeIgniter(Object(CodeIgniter\CodeIgniter))
#12 E:\xampp\htdocs\Proyecto-TPI\public\index.php(56): CodeIgniter\Boot::bootWeb(Object(Config\Paths))
#13 {main}
CRITICAL - 2025-06-11 12:42:47 --> CodeIgniter\Database\Exceptions\DatabaseException: Unable to connect to the database.
Main connection [MySQLi]: Unknown database 'zonahardware'
[Method: POST, Route: registro]
in SYSTEMPATH\Database\BaseConnection.php on line 467.
 1 SYSTEMPATH\Database\BaseConnection.php(620): CodeIgniter\Database\BaseConnection->initialize()
 2 SYSTEMPATH\Database\BaseBuilder.php(2345): CodeIgniter\Database\BaseConnection->query('INSERT INTO `usuarios` (`nombre`, `apellido`, `email`, `password`) VALUES (:nombre:, :apellido:, :email:, :password:)', [...], false)
 3 SYSTEMPATH\Model.php(394): CodeIgniter\Database\BaseBuilder->insert()
 4 SYSTEMPATH\BaseModel.php(839): CodeIgniter\Model->doInsert([...])
 5 SYSTEMPATH\Model.php(800): CodeIgniter\BaseModel->insert([...], true)
 6 APPPATH\Controllers\Autenticacion.php(26): CodeIgniter\Model->insert([...])
 7 SYSTEMPATH\CodeIgniter.php(933): App\Controllers\Autenticacion->registroPost()
 8 SYSTEMPATH\CodeIgniter.php(507): CodeIgniter\CodeIgniter->runController(Object(App\Controllers\Autenticacion))
 9 SYSTEMPATH\CodeIgniter.php(354): CodeIgniter\CodeIgniter->handleRequest(null, Object(Config\Cache), false)
10 SYSTEMPATH\Boot.php(334): CodeIgniter\CodeIgniter->run()
11 SYSTEMPATH\Boot.php(67): CodeIgniter\Boot::runCodeIgniter(Object(CodeIgniter\CodeIgniter))
12 FCPATH\index.php(56): CodeIgniter\Boot::bootWeb(Object(Config\Paths))
ERROR - 2025-06-11 12:45:57 --> Error connecting to the database: mysqli_sql_exception: Unknown database 'zonahardware' in E:\xampp\htdocs\Proyecto-TPI\system\Database\MySQLi\Connection.php:201
Stack trace:
#0 E:\xampp\htdocs\Proyecto-TPI\system\Database\MySQLi\Connection.php(201): mysqli->real_connect('localhost', 'root', Object(SensitiveParameterValue), 'zonahardware', 3306, '', 0)
#1 E:\xampp\htdocs\Proyecto-TPI\system\Database\BaseConnection.php(421): CodeIgniter\Database\MySQLi\Connection->connect(false)
#2 E:\xampp\htdocs\Proyecto-TPI\system\Database\BaseConnection.php(620): CodeIgniter\Database\BaseConnection->initialize()
#3 E:\xampp\htdocs\Proyecto-TPI\system\Database\BaseBuilder.php(2345): CodeIgniter\Database\BaseConnection->query('INSERT INTO `us...', Array, false)
#4 E:\xampp\htdocs\Proyecto-TPI\system\Model.php(394): CodeIgniter\Database\BaseBuilder->insert()
#5 E:\xampp\htdocs\Proyecto-TPI\system\BaseModel.php(839): CodeIgniter\Model->doInsert(Array)
#6 E:\xampp\htdocs\Proyecto-TPI\system\Model.php(800): CodeIgniter\BaseModel->insert(Array, true)
#7 E:\xampp\htdocs\Proyecto-TPI\app\Controllers\Autenticacion.php(28): CodeIgniter\Model->insert(Array)
#8 E:\xampp\htdocs\Proyecto-TPI\system\CodeIgniter.php(933): App\Controllers\Autenticacion->registroPost()
#9 E:\xampp\htdocs\Proyecto-TPI\system\CodeIgniter.php(507): CodeIgniter\CodeIgniter->runController(Object(App\Controllers\Autenticacion))
#10 E:\xampp\htdocs\Proyecto-TPI\system\CodeIgniter.php(354): CodeIgniter\CodeIgniter->handleRequest(NULL, Object(Config\Cache), false)
#11 E:\xampp\htdocs\Proyecto-TPI\system\Boot.php(334): CodeIgniter\CodeIgniter->run()
#12 E:\xampp\htdocs\Proyecto-TPI\system\Boot.php(67): CodeIgniter\Boot::runCodeIgniter(Object(CodeIgniter\CodeIgniter))
#13 E:\xampp\htdocs\Proyecto-TPI\public\index.php(56): CodeIgniter\Boot::bootWeb(Object(Config\Paths))
#14 {main}

Next CodeIgniter\Database\Exceptions\DatabaseException: Unknown database 'zonahardware' in E:\xampp\htdocs\Proyecto-TPI\system\Database\MySQLi\Connection.php:246
Stack trace:
#0 E:\xampp\htdocs\Proyecto-TPI\system\Database\BaseConnection.php(421): CodeIgniter\Database\MySQLi\Connection->connect(false)
#1 E:\xampp\htdocs\Proyecto-TPI\system\Database\BaseConnection.php(620): CodeIgniter\Database\BaseConnection->initialize()
#2 E:\xampp\htdocs\Proyecto-TPI\system\Database\BaseBuilder.php(2345): CodeIgniter\Database\BaseConnection->query('INSERT INTO `us...', Array, false)
#3 E:\xampp\htdocs\Proyecto-TPI\system\Model.php(394): CodeIgniter\Database\BaseBuilder->insert()
#4 E:\xampp\htdocs\Proyecto-TPI\system\BaseModel.php(839): CodeIgniter\Model->doInsert(Array)
#5 E:\xampp\htdocs\Proyecto-TPI\system\Model.php(800): CodeIgniter\BaseModel->insert(Array, true)
#6 E:\xampp\htdocs\Proyecto-TPI\app\Controllers\Autenticacion.php(28): CodeIgniter\Model->insert(Array)
#7 E:\xampp\htdocs\Proyecto-TPI\system\CodeIgniter.php(933): App\Controllers\Autenticacion->registroPost()
#8 E:\xampp\htdocs\Proyecto-TPI\system\CodeIgniter.php(507): CodeIgniter\CodeIgniter->runController(Object(App\Controllers\Autenticacion))
#9 E:\xampp\htdocs\Proyecto-TPI\system\CodeIgniter.php(354): CodeIgniter\CodeIgniter->handleRequest(NULL, Object(Config\Cache), false)
#10 E:\xampp\htdocs\Proyecto-TPI\system\Boot.php(334): CodeIgniter\CodeIgniter->run()
#11 E:\xampp\htdocs\Proyecto-TPI\system\Boot.php(67): CodeIgniter\Boot::runCodeIgniter(Object(CodeIgniter\CodeIgniter))
#12 E:\xampp\htdocs\Proyecto-TPI\public\index.php(56): CodeIgniter\Boot::bootWeb(Object(Config\Paths))
#13 {main}
CRITICAL - 2025-06-11 12:45:57 --> CodeIgniter\Database\Exceptions\DatabaseException: Unable to connect to the database.
Main connection [MySQLi]: Unknown database 'zonahardware'
[Method: POST, Route: registro]
in SYSTEMPATH\Database\BaseConnection.php on line 467.
 1 SYSTEMPATH\Database\BaseConnection.php(620): CodeIgniter\Database\BaseConnection->initialize()
 2 SYSTEMPATH\Database\BaseBuilder.php(2345): CodeIgniter\Database\BaseConnection->query('INSERT INTO `usuarios` (`nombre`, `apellido`, `nom_usuario`, `email`, `password`, `rol`, `baja`) VALUES (:nombre:, :apellido:, :nom_usuario:, :email:, :password:, :rol:, :baja:)', [...], false)
 3 SYSTEMPATH\Model.php(394): CodeIgniter\Database\BaseBuilder->insert()
 4 SYSTEMPATH\BaseModel.php(839): CodeIgniter\Model->doInsert([...])
 5 SYSTEMPATH\Model.php(800): CodeIgniter\BaseModel->insert([...], true)
 6 APPPATH\Controllers\Autenticacion.php(28): CodeIgniter\Model->insert([...])
 7 SYSTEMPATH\CodeIgniter.php(933): App\Controllers\Autenticacion->registroPost()
 8 SYSTEMPATH\CodeIgniter.php(507): CodeIgniter\CodeIgniter->runController(Object(App\Controllers\Autenticacion))
 9 SYSTEMPATH\CodeIgniter.php(354): CodeIgniter\CodeIgniter->handleRequest(null, Object(Config\Cache), false)
10 SYSTEMPATH\Boot.php(334): CodeIgniter\CodeIgniter->run()
11 SYSTEMPATH\Boot.php(67): CodeIgniter\Boot::runCodeIgniter(Object(CodeIgniter\CodeIgniter))
12 FCPATH\index.php(56): CodeIgniter\Boot::bootWeb(Object(Config\Paths))
ERROR - 2025-06-11 13:10:42 --> Error connecting to the database: mysqli_sql_exception: Unknown database 'zonahardware' in E:\xampp\htdocs\Proyecto-TPI\system\Database\MySQLi\Connection.php:201
Stack trace:
#0 E:\xampp\htdocs\Proyecto-TPI\system\Database\MySQLi\Connection.php(201): mysqli->real_connect('localhost', 'root', Object(SensitiveParameterValue), 'zonahardware', 3306, '', 0)
#1 E:\xampp\htdocs\Proyecto-TPI\system\Database\BaseConnection.php(421): CodeIgniter\Database\MySQLi\Connection->connect(false)
#2 E:\xampp\htdocs\Proyecto-TPI\system\Database\BaseConnection.php(620): CodeIgniter\Database\BaseConnection->initialize()
#3 E:\xampp\htdocs\Proyecto-TPI\system\Database\BaseBuilder.php(2345): CodeIgniter\Database\BaseConnection->query('INSERT INTO `us...', Array, false)
#4 E:\xampp\htdocs\Proyecto-TPI\system\Model.php(394): CodeIgniter\Database\BaseBuilder->insert()
#5 E:\xampp\htdocs\Proyecto-TPI\system\BaseModel.php(839): CodeIgniter\Model->doInsert(Array)
#6 E:\xampp\htdocs\Proyecto-TPI\system\Model.php(800): CodeIgniter\BaseModel->insert(Array, true)
#7 E:\xampp\htdocs\Proyecto-TPI\app\Controllers\Autenticacion.php(31): CodeIgniter\Model->insert(Array)
#8 E:\xampp\htdocs\Proyecto-TPI\system\CodeIgniter.php(933): App\Controllers\Autenticacion->registroPost()
#9 E:\xampp\htdocs\Proyecto-TPI\system\CodeIgniter.php(507): CodeIgniter\CodeIgniter->runController(Object(App\Controllers\Autenticacion))
#10 E:\xampp\htdocs\Proyecto-TPI\system\CodeIgniter.php(354): CodeIgniter\CodeIgniter->handleRequest(NULL, Object(Config\Cache), false)
#11 E:\xampp\htdocs\Proyecto-TPI\system\Boot.php(334): CodeIgniter\CodeIgniter->run()
#12 E:\xampp\htdocs\Proyecto-TPI\system\Boot.php(67): CodeIgniter\Boot::runCodeIgniter(Object(CodeIgniter\CodeIgniter))
#13 E:\xampp\htdocs\Proyecto-TPI\public\index.php(56): CodeIgniter\Boot::bootWeb(Object(Config\Paths))
#14 {main}

Next CodeIgniter\Database\Exceptions\DatabaseException: Unknown database 'zonahardware' in E:\xampp\htdocs\Proyecto-TPI\system\Database\MySQLi\Connection.php:246
Stack trace:
#0 E:\xampp\htdocs\Proyecto-TPI\system\Database\BaseConnection.php(421): CodeIgniter\Database\MySQLi\Connection->connect(false)
#1 E:\xampp\htdocs\Proyecto-TPI\system\Database\BaseConnection.php(620): CodeIgniter\Database\BaseConnection->initialize()
#2 E:\xampp\htdocs\Proyecto-TPI\system\Database\BaseBuilder.php(2345): CodeIgniter\Database\BaseConnection->query('INSERT INTO `us...', Array, false)
#3 E:\xampp\htdocs\Proyecto-TPI\system\Model.php(394): CodeIgniter\Database\BaseBuilder->insert()
#4 E:\xampp\htdocs\Proyecto-TPI\system\BaseModel.php(839): CodeIgniter\Model->doInsert(Array)
#5 E:\xampp\htdocs\Proyecto-TPI\system\Model.php(800): CodeIgniter\BaseModel->insert(Array, true)
#6 E:\xampp\htdocs\Proyecto-TPI\app\Controllers\Autenticacion.php(31): CodeIgniter\Model->insert(Array)
#7 E:\xampp\htdocs\Proyecto-TPI\system\CodeIgniter.php(933): App\Controllers\Autenticacion->registroPost()
#8 E:\xampp\htdocs\Proyecto-TPI\system\CodeIgniter.php(507): CodeIgniter\CodeIgniter->runController(Object(App\Controllers\Autenticacion))
#9 E:\xampp\htdocs\Proyecto-TPI\system\CodeIgniter.php(354): CodeIgniter\CodeIgniter->handleRequest(NULL, Object(Config\Cache), false)
#10 E:\xampp\htdocs\Proyecto-TPI\system\Boot.php(334): CodeIgniter\CodeIgniter->run()
#11 E:\xampp\htdocs\Proyecto-TPI\system\Boot.php(67): CodeIgniter\Boot::runCodeIgniter(Object(CodeIgniter\CodeIgniter))
#12 E:\xampp\htdocs\Proyecto-TPI\public\index.php(56): CodeIgniter\Boot::bootWeb(Object(Config\Paths))
#13 {main}
CRITICAL - 2025-06-11 13:10:42 --> CodeIgniter\Database\Exceptions\DatabaseException: Unable to connect to the database.
Main connection [MySQLi]: Unknown database 'zonahardware'
[Method: POST, Route: registro]
in SYSTEMPATH\Database\BaseConnection.php on line 467.
 1 SYSTEMPATH\Database\BaseConnection.php(620): CodeIgniter\Database\BaseConnection->initialize()
 2 SYSTEMPATH\Database\BaseBuilder.php(2345): CodeIgniter\Database\BaseConnection->query('INSERT INTO `usuarios` (`nombre`, `apellido`, `nom_usuario`, `email`, `password`, `rol`, `baja`) VALUES (:nombre:, :apellido:, :nom_usuario:, :email:, :password:, :rol:, :baja:)', [...], false)
 3 SYSTEMPATH\Model.php(394): CodeIgniter\Database\BaseBuilder->insert()
 4 SYSTEMPATH\BaseModel.php(839): CodeIgniter\Model->doInsert([...])
 5 SYSTEMPATH\Model.php(800): CodeIgniter\BaseModel->insert([...], true)
 6 APPPATH\Controllers\Autenticacion.php(31): CodeIgniter\Model->insert([...])
 7 SYSTEMPATH\CodeIgniter.php(933): App\Controllers\Autenticacion->registroPost()
 8 SYSTEMPATH\CodeIgniter.php(507): CodeIgniter\CodeIgniter->runController(Object(App\Controllers\Autenticacion))
 9 SYSTEMPATH\CodeIgniter.php(354): CodeIgniter\CodeIgniter->handleRequest(null, Object(Config\Cache), false)
10 SYSTEMPATH\Boot.php(334): CodeIgniter\CodeIgniter->run()
11 SYSTEMPATH\Boot.php(67): CodeIgniter\Boot::runCodeIgniter(Object(CodeIgniter\CodeIgniter))
12 FCPATH\index.php(56): CodeIgniter\Boot::bootWeb(Object(Config\Paths))
ERROR - 2025-06-11 13:13:14 --> Error connecting to the database: mysqli_sql_exception: Unknown database 'zonahardware' in E:\xampp\htdocs\Proyecto-TPI\system\Database\MySQLi\Connection.php:201
Stack trace:
#0 E:\xampp\htdocs\Proyecto-TPI\system\Database\MySQLi\Connection.php(201): mysqli->real_connect('localhost', 'root', Object(SensitiveParameterValue), 'zonahardware', 3306, '', 0)
#1 E:\xampp\htdocs\Proyecto-TPI\system\Database\BaseConnection.php(421): CodeIgniter\Database\MySQLi\Connection->connect(false)
#2 E:\xampp\htdocs\Proyecto-TPI\system\Database\BaseConnection.php(620): CodeIgniter\Database\BaseConnection->initialize()
#3 E:\xampp\htdocs\Proyecto-TPI\system\Database\BaseBuilder.php(2345): CodeIgniter\Database\BaseConnection->query('INSERT INTO `us...', Array, false)
#4 E:\xampp\htdocs\Proyecto-TPI\system\Model.php(394): CodeIgniter\Database\BaseBuilder->insert()
#5 E:\xampp\htdocs\Proyecto-TPI\system\BaseModel.php(839): CodeIgniter\Model->doInsert(Array)
#6 E:\xampp\htdocs\Proyecto-TPI\system\Model.php(800): CodeIgniter\BaseModel->insert(Array, true)
#7 E:\xampp\htdocs\Proyecto-TPI\app\Controllers\Autenticacion.php(33): CodeIgniter\Model->insert(Array)
#8 E:\xampp\htdocs\Proyecto-TPI\system\CodeIgniter.php(933): App\Controllers\Autenticacion->registroPost()
#9 E:\xampp\htdocs\Proyecto-TPI\system\CodeIgniter.php(507): CodeIgniter\CodeIgniter->runController(Object(App\Controllers\Autenticacion))
#10 E:\xampp\htdocs\Proyecto-TPI\system\CodeIgniter.php(354): CodeIgniter\CodeIgniter->handleRequest(NULL, Object(Config\Cache), false)
#11 E:\xampp\htdocs\Proyecto-TPI\system\Boot.php(334): CodeIgniter\CodeIgniter->run()
#12 E:\xampp\htdocs\Proyecto-TPI\system\Boot.php(67): CodeIgniter\Boot::runCodeIgniter(Object(CodeIgniter\CodeIgniter))
#13 E:\xampp\htdocs\Proyecto-TPI\public\index.php(56): CodeIgniter\Boot::bootWeb(Object(Config\Paths))
#14 {main}

Next CodeIgniter\Database\Exceptions\DatabaseException: Unknown database 'zonahardware' in E:\xampp\htdocs\Proyecto-TPI\system\Database\MySQLi\Connection.php:246
Stack trace:
#0 E:\xampp\htdocs\Proyecto-TPI\system\Database\BaseConnection.php(421): CodeIgniter\Database\MySQLi\Connection->connect(false)
#1 E:\xampp\htdocs\Proyecto-TPI\system\Database\BaseConnection.php(620): CodeIgniter\Database\BaseConnection->initialize()
#2 E:\xampp\htdocs\Proyecto-TPI\system\Database\BaseBuilder.php(2345): CodeIgniter\Database\BaseConnection->query('INSERT INTO `us...', Array, false)
#3 E:\xampp\htdocs\Proyecto-TPI\system\Model.php(394): CodeIgniter\Database\BaseBuilder->insert()
#4 E:\xampp\htdocs\Proyecto-TPI\system\BaseModel.php(839): CodeIgniter\Model->doInsert(Array)
#5 E:\xampp\htdocs\Proyecto-TPI\system\Model.php(800): CodeIgniter\BaseModel->insert(Array, true)
#6 E:\xampp\htdocs\Proyecto-TPI\app\Controllers\Autenticacion.php(33): CodeIgniter\Model->insert(Array)
#7 E:\xampp\htdocs\Proyecto-TPI\system\CodeIgniter.php(933): App\Controllers\Autenticacion->registroPost()
#8 E:\xampp\htdocs\Proyecto-TPI\system\CodeIgniter.php(507): CodeIgniter\CodeIgniter->runController(Object(App\Controllers\Autenticacion))
#9 E:\xampp\htdocs\Proyecto-TPI\system\CodeIgniter.php(354): CodeIgniter\CodeIgniter->handleRequest(NULL, Object(Config\Cache), false)
#10 E:\xampp\htdocs\Proyecto-TPI\system\Boot.php(334): CodeIgniter\CodeIgniter->run()
#11 E:\xampp\htdocs\Proyecto-TPI\system\Boot.php(67): CodeIgniter\Boot::runCodeIgniter(Object(CodeIgniter\CodeIgniter))
#12 E:\xampp\htdocs\Proyecto-TPI\public\index.php(56): CodeIgniter\Boot::bootWeb(Object(Config\Paths))
#13 {main}
ERROR - 2025-06-11 13:14:04 --> Error connecting to the database: mysqli_sql_exception: Unknown database 'zonahardware' in E:\xampp\htdocs\Proyecto-TPI\system\Database\MySQLi\Connection.php:201
Stack trace:
#0 E:\xampp\htdocs\Proyecto-TPI\system\Database\MySQLi\Connection.php(201): mysqli->real_connect('localhost', 'root', Object(SensitiveParameterValue), 'zonahardware', 3306, '', 0)
#1 E:\xampp\htdocs\Proyecto-TPI\system\Database\BaseConnection.php(421): CodeIgniter\Database\MySQLi\Connection->connect(false)
#2 E:\xampp\htdocs\Proyecto-TPI\system\Database\BaseConnection.php(620): CodeIgniter\Database\BaseConnection->initialize()
#3 E:\xampp\htdocs\Proyecto-TPI\system\Database\BaseBuilder.php(2345): CodeIgniter\Database\BaseConnection->query('INSERT INTO `us...', Array, false)
#4 E:\xampp\htdocs\Proyecto-TPI\system\Model.php(394): CodeIgniter\Database\BaseBuilder->insert()
#5 E:\xampp\htdocs\Proyecto-TPI\system\BaseModel.php(839): CodeIgniter\Model->doInsert(Array)
#6 E:\xampp\htdocs\Proyecto-TPI\system\Model.php(800): CodeIgniter\BaseModel->insert(Array, true)
#7 E:\xampp\htdocs\Proyecto-TPI\app\Controllers\Autenticacion.php(33): CodeIgniter\Model->insert(Array)
#8 E:\xampp\htdocs\Proyecto-TPI\system\CodeIgniter.php(933): App\Controllers\Autenticacion->registroPost()
#9 E:\xampp\htdocs\Proyecto-TPI\system\CodeIgniter.php(507): CodeIgniter\CodeIgniter->runController(Object(App\Controllers\Autenticacion))
#10 E:\xampp\htdocs\Proyecto-TPI\system\CodeIgniter.php(354): CodeIgniter\CodeIgniter->handleRequest(NULL, Object(Config\Cache), false)
#11 E:\xampp\htdocs\Proyecto-TPI\system\Boot.php(334): CodeIgniter\CodeIgniter->run()
#12 E:\xampp\htdocs\Proyecto-TPI\system\Boot.php(67): CodeIgniter\Boot::runCodeIgniter(Object(CodeIgniter\CodeIgniter))
#13 E:\xampp\htdocs\Proyecto-TPI\public\index.php(56): CodeIgniter\Boot::bootWeb(Object(Config\Paths))
#14 {main}

Next CodeIgniter\Database\Exceptions\DatabaseException: Unknown database 'zonahardware' in E:\xampp\htdocs\Proyecto-TPI\system\Database\MySQLi\Connection.php:246
Stack trace:
#0 E:\xampp\htdocs\Proyecto-TPI\system\Database\BaseConnection.php(421): CodeIgniter\Database\MySQLi\Connection->connect(false)
#1 E:\xampp\htdocs\Proyecto-TPI\system\Database\BaseConnection.php(620): CodeIgniter\Database\BaseConnection->initialize()
#2 E:\xampp\htdocs\Proyecto-TPI\system\Database\BaseBuilder.php(2345): CodeIgniter\Database\BaseConnection->query('INSERT INTO `us...', Array, false)
#3 E:\xampp\htdocs\Proyecto-TPI\system\Model.php(394): CodeIgniter\Database\BaseBuilder->insert()
#4 E:\xampp\htdocs\Proyecto-TPI\system\BaseModel.php(839): CodeIgniter\Model->doInsert(Array)
#5 E:\xampp\htdocs\Proyecto-TPI\system\Model.php(800): CodeIgniter\BaseModel->insert(Array, true)
#6 E:\xampp\htdocs\Proyecto-TPI\app\Controllers\Autenticacion.php(33): CodeIgniter\Model->insert(Array)
#7 E:\xampp\htdocs\Proyecto-TPI\system\CodeIgniter.php(933): App\Controllers\Autenticacion->registroPost()
#8 E:\xampp\htdocs\Proyecto-TPI\system\CodeIgniter.php(507): CodeIgniter\CodeIgniter->runController(Object(App\Controllers\Autenticacion))
#9 E:\xampp\htdocs\Proyecto-TPI\system\CodeIgniter.php(354): CodeIgniter\CodeIgniter->handleRequest(NULL, Object(Config\Cache), false)
#10 E:\xampp\htdocs\Proyecto-TPI\system\Boot.php(334): CodeIgniter\CodeIgniter->run()
#11 E:\xampp\htdocs\Proyecto-TPI\system\Boot.php(67): CodeIgniter\Boot::runCodeIgniter(Object(CodeIgniter\CodeIgniter))
#12 E:\xampp\htdocs\Proyecto-TPI\public\index.php(56): CodeIgniter\Boot::bootWeb(Object(Config\Paths))
#13 {main}
ERROR - 2025-06-11 13:17:02 --> Error connecting to the database: mysqli_sql_exception: Unknown database 'zonahardware' in E:\xampp\htdocs\Proyecto-TPI\system\Database\MySQLi\Connection.php:201
Stack trace:
#0 E:\xampp\htdocs\Proyecto-TPI\system\Database\MySQLi\Connection.php(201): mysqli->real_connect('localhost', 'root', Object(SensitiveParameterValue), 'zonahardware', 3306, '', 0)
#1 E:\xampp\htdocs\Proyecto-TPI\system\Database\BaseConnection.php(421): CodeIgniter\Database\MySQLi\Connection->connect(false)
#2 E:\xampp\htdocs\Proyecto-TPI\system\Database\BaseConnection.php(620): CodeIgniter\Database\BaseConnection->initialize()
#3 E:\xampp\htdocs\Proyecto-TPI\system\Database\BaseBuilder.php(2345): CodeIgniter\Database\BaseConnection->query('INSERT INTO `us...', Array, false)
#4 E:\xampp\htdocs\Proyecto-TPI\system\Model.php(394): CodeIgniter\Database\BaseBuilder->insert()
#5 E:\xampp\htdocs\Proyecto-TPI\system\BaseModel.php(839): CodeIgniter\Model->doInsert(Array)
#6 E:\xampp\htdocs\Proyecto-TPI\system\Model.php(800): CodeIgniter\BaseModel->insert(Array, true)
#7 E:\xampp\htdocs\Proyecto-TPI\app\Controllers\Autenticacion.php(33): CodeIgniter\Model->insert(Array)
#8 E:\xampp\htdocs\Proyecto-TPI\system\CodeIgniter.php(933): App\Controllers\Autenticacion->registroPost()
#9 E:\xampp\htdocs\Proyecto-TPI\system\CodeIgniter.php(507): CodeIgniter\CodeIgniter->runController(Object(App\Controllers\Autenticacion))
#10 E:\xampp\htdocs\Proyecto-TPI\system\CodeIgniter.php(354): CodeIgniter\CodeIgniter->handleRequest(NULL, Object(Config\Cache), false)
#11 E:\xampp\htdocs\Proyecto-TPI\system\Boot.php(334): CodeIgniter\CodeIgniter->run()
#12 E:\xampp\htdocs\Proyecto-TPI\system\Boot.php(67): CodeIgniter\Boot::runCodeIgniter(Object(CodeIgniter\CodeIgniter))
#13 E:\xampp\htdocs\Proyecto-TPI\public\index.php(56): CodeIgniter\Boot::bootWeb(Object(Config\Paths))
#14 {main}

Next CodeIgniter\Database\Exceptions\DatabaseException: Unknown database 'zonahardware' in E:\xampp\htdocs\Proyecto-TPI\system\Database\MySQLi\Connection.php:246
Stack trace:
#0 E:\xampp\htdocs\Proyecto-TPI\system\Database\BaseConnection.php(421): CodeIgniter\Database\MySQLi\Connection->connect(false)
#1 E:\xampp\htdocs\Proyecto-TPI\system\Database\BaseConnection.php(620): CodeIgniter\Database\BaseConnection->initialize()
#2 E:\xampp\htdocs\Proyecto-TPI\system\Database\BaseBuilder.php(2345): CodeIgniter\Database\BaseConnection->query('INSERT INTO `us...', Array, false)
#3 E:\xampp\htdocs\Proyecto-TPI\system\Model.php(394): CodeIgniter\Database\BaseBuilder->insert()
#4 E:\xampp\htdocs\Proyecto-TPI\system\BaseModel.php(839): CodeIgniter\Model->doInsert(Array)
#5 E:\xampp\htdocs\Proyecto-TPI\system\Model.php(800): CodeIgniter\BaseModel->insert(Array, true)
#6 E:\xampp\htdocs\Proyecto-TPI\app\Controllers\Autenticacion.php(33): CodeIgniter\Model->insert(Array)
#7 E:\xampp\htdocs\Proyecto-TPI\system\CodeIgniter.php(933): App\Controllers\Autenticacion->registroPost()
#8 E:\xampp\htdocs\Proyecto-TPI\system\CodeIgniter.php(507): CodeIgniter\CodeIgniter->runController(Object(App\Controllers\Autenticacion))
#9 E:\xampp\htdocs\Proyecto-TPI\system\CodeIgniter.php(354): CodeIgniter\CodeIgniter->handleRequest(NULL, Object(Config\Cache), false)
#10 E:\xampp\htdocs\Proyecto-TPI\system\Boot.php(334): CodeIgniter\CodeIgniter->run()
#11 E:\xampp\htdocs\Proyecto-TPI\system\Boot.php(67): CodeIgniter\Boot::runCodeIgniter(Object(CodeIgniter\CodeIgniter))
#12 E:\xampp\htdocs\Proyecto-TPI\public\index.php(56): CodeIgniter\Boot::bootWeb(Object(Config\Paths))
#13 {main}
ERROR - 2025-06-11 13:24:36 --> mysqli_sql_exception: Table 'zonahw.usuarios' doesn't exist in E:\xampp\htdocs\Proyecto-TPI\system\Database\MySQLi\Connection.php:327
Stack trace:
#0 E:\xampp\htdocs\Proyecto-TPI\system\Database\MySQLi\Connection.php(327): mysqli->query('INSERT INTO `us...', 0)
#1 E:\xampp\htdocs\Proyecto-TPI\system\Database\BaseConnection.php(738): CodeIgniter\Database\MySQLi\Connection->execute('INSERT INTO `us...')
#2 E:\xampp\htdocs\Proyecto-TPI\system\Database\BaseConnection.php(652): CodeIgniter\Database\BaseConnection->simpleQuery('INSERT INTO `us...')
#3 E:\xampp\htdocs\Proyecto-TPI\system\Database\BaseBuilder.php(2345): CodeIgniter\Database\BaseConnection->query('INSERT INTO `us...', Array, false)
#4 E:\xampp\htdocs\Proyecto-TPI\system\Model.php(394): CodeIgniter\Database\BaseBuilder->insert()
#5 E:\xampp\htdocs\Proyecto-TPI\system\BaseModel.php(839): CodeIgniter\Model->doInsert(Array)
#6 E:\xampp\htdocs\Proyecto-TPI\system\Model.php(800): CodeIgniter\BaseModel->insert(Array, true)
#7 E:\xampp\htdocs\Proyecto-TPI\app\Controllers\Autenticacion.php(33): CodeIgniter\Model->insert(Array)
#8 E:\xampp\htdocs\Proyecto-TPI\system\CodeIgniter.php(933): App\Controllers\Autenticacion->registroPost()
#9 E:\xampp\htdocs\Proyecto-TPI\system\CodeIgniter.php(507): CodeIgniter\CodeIgniter->runController(Object(App\Controllers\Autenticacion))
#10 E:\xampp\htdocs\Proyecto-TPI\system\CodeIgniter.php(354): CodeIgniter\CodeIgniter->handleRequest(NULL, Object(Config\Cache), false)
#11 E:\xampp\htdocs\Proyecto-TPI\system\Boot.php(334): CodeIgniter\CodeIgniter->run()
#12 E:\xampp\htdocs\Proyecto-TPI\system\Boot.php(67): CodeIgniter\Boot::runCodeIgniter(Object(CodeIgniter\CodeIgniter))
#13 E:\xampp\htdocs\Proyecto-TPI\public\index.php(56): CodeIgniter\Boot::bootWeb(Object(Config\Paths))
#14 {main}
CRITICAL - 2025-06-11 19:21:19 --> CodeIgniter\Validation\Exceptions\ValidationException: "" is not a valid rule.
[Method: POST, Route: registro]
in SYSTEMPATH\Validation\Validation.php on line 346.
 1 SYSTEMPATH\Validation\Validation.php(346): CodeIgniter\Validation\Exceptions\ValidationException::forRuleNotFound('')
 2 SYSTEMPATH\Validation\Validation.php(202): CodeIgniter\Validation\Validation->processRules('email', 'email', 'holamundo444@gmail.com', [...], [...], 'email')
 3 SYSTEMPATH\Controller.php(138): CodeIgniter\Validation\Validation->run()
 4 APPPATH\Controllers\Autenticacion.php(28): CodeIgniter\Controller->validate([...])
 5 SYSTEMPATH\CodeIgniter.php(933): App\Controllers\Autenticacion->registroPost()
 6 SYSTEMPATH\CodeIgniter.php(507): CodeIgniter\CodeIgniter->runController(Object(App\Controllers\Autenticacion))
 7 SYSTEMPATH\CodeIgniter.php(354): CodeIgniter\CodeIgniter->handleRequest(null, Object(Config\Cache), false)
 8 SYSTEMPATH\Boot.php(334): CodeIgniter\CodeIgniter->run()
 9 SYSTEMPATH\Boot.php(67): CodeIgniter\Boot::runCodeIgniter(Object(CodeIgniter\CodeIgniter))
10 FCPATH\index.php(56): CodeIgniter\Boot::bootWeb(Object(Config\Paths))
CRITICAL - 2025-06-11 19:22:21 --> CodeIgniter\Validation\Exceptions\ValidationException: "" is not a valid rule.
[Method: POST, Route: registro]
in SYSTEMPATH\Validation\Validation.php on line 346.
 1 SYSTEMPATH\Validation\Validation.php(346): CodeIgniter\Validation\Exceptions\ValidationException::forRuleNotFound('')
 2 SYSTEMPATH\Validation\Validation.php(202): CodeIgniter\Validation\Validation->processRules('email', 'email', 'holamundo444@gmail.com', [...], [...], 'email')
 3 SYSTEMPATH\Controller.php(138): CodeIgniter\Validation\Validation->run()
 4 APPPATH\Controllers\Autenticacion.php(27): CodeIgniter\Controller->validate([...])
 5 SYSTEMPATH\CodeIgniter.php(933): App\Controllers\Autenticacion->registroPost()
 6 SYSTEMPATH\CodeIgniter.php(507): CodeIgniter\CodeIgniter->runController(Object(App\Controllers\Autenticacion))
 7 SYSTEMPATH\CodeIgniter.php(354): CodeIgniter\CodeIgniter->handleRequest(null, Object(Config\Cache), false)
 8 SYSTEMPATH\Boot.php(334): CodeIgniter\CodeIgniter->run()
 9 SYSTEMPATH\Boot.php(67): CodeIgniter\Boot::runCodeIgniter(Object(CodeIgniter\CodeIgniter))
10 FCPATH\index.php(56): CodeIgniter\Boot::bootWeb(Object(Config\Paths))
CRITICAL - 2025-06-11 19:24:25 --> CodeIgniter\Validation\Exceptions\ValidationException: "" is not a valid rule.
[Method: POST, Route: registro]
in SYSTEMPATH\Validation\Validation.php on line 346.
 1 SYSTEMPATH\Validation\Validation.php(346): CodeIgniter\Validation\Exceptions\ValidationException::forRuleNotFound('')
 2 SYSTEMPATH\Validation\Validation.php(202): CodeIgniter\Validation\Validation->processRules('email', 'email', 'holamundo444@gmail.com', [...], [...], 'email')
 3 SYSTEMPATH\Controller.php(138): CodeIgniter\Validation\Validation->run()
 4 APPPATH\Controllers\Autenticacion.php(27): CodeIgniter\Controller->validate([...])
 5 SYSTEMPATH\CodeIgniter.php(933): App\Controllers\Autenticacion->registroPost()
 6 SYSTEMPATH\CodeIgniter.php(507): CodeIgniter\CodeIgniter->runController(Object(App\Controllers\Autenticacion))
 7 SYSTEMPATH\CodeIgniter.php(354): CodeIgniter\CodeIgniter->handleRequest(null, Object(Config\Cache), false)
 8 SYSTEMPATH\Boot.php(334): CodeIgniter\CodeIgniter->run()
 9 SYSTEMPATH\Boot.php(67): CodeIgniter\Boot::runCodeIgniter(Object(CodeIgniter\CodeIgniter))
10 FCPATH\index.php(56): CodeIgniter\Boot::bootWeb(Object(Config\Paths))
CRITICAL - 2025-06-11 19:57:07 --> ParseError: syntax error, unexpected token ";"
[Method: GET, Route: registro]
in APPPATH\Controllers\Autenticacion.php on line 61.
 1 SYSTEMPATH\Autoloader\Autoloader.php(295): CodeIgniter\Autoloader\Autoloader->includeFile('E:\\xampp\\htdocs\\Proyecto-TPI\\app\\Controllers\\Autenticacion.php')
 2 SYSTEMPATH\Autoloader\Autoloader.php(271): CodeIgniter\Autoloader\Autoloader->loadInNamespace('App\\Controllers\\Autenticacion')
 3 [internal function]: CodeIgniter\Autoloader\Autoloader->loadClass('App\\Controllers\\Autenticacion')
 4 SYSTEMPATH\CodeIgniter.php(885): class_exists('\\App\\Controllers\\Autenticacion', true)
 5 SYSTEMPATH\CodeIgniter.php(494): CodeIgniter\CodeIgniter->startController()
 6 SYSTEMPATH\CodeIgniter.php(354): CodeIgniter\CodeIgniter->handleRequest(null, Object(Config\Cache), false)
 7 SYSTEMPATH\Boot.php(334): CodeIgniter\CodeIgniter->run()
 8 SYSTEMPATH\Boot.php(67): CodeIgniter\Boot::runCodeIgniter(Object(CodeIgniter\CodeIgniter))
 9 FCPATH\index.php(56): CodeIgniter\Boot::bootWeb(Object(Config\Paths))
CRITICAL - 2025-06-11 19:57:08 --> ParseError: syntax error, unexpected token ";"
[Method: GET, Route: registro]
in APPPATH\Controllers\Autenticacion.php on line 61.
 1 SYSTEMPATH\Autoloader\Autoloader.php(295): CodeIgniter\Autoloader\Autoloader->includeFile('E:\\xampp\\htdocs\\Proyecto-TPI\\app\\Controllers\\Autenticacion.php')
 2 SYSTEMPATH\Autoloader\Autoloader.php(271): CodeIgniter\Autoloader\Autoloader->loadInNamespace('App\\Controllers\\Autenticacion')
 3 [internal function]: CodeIgniter\Autoloader\Autoloader->loadClass('App\\Controllers\\Autenticacion')
 4 SYSTEMPATH\CodeIgniter.php(885): class_exists('\\App\\Controllers\\Autenticacion', true)
 5 SYSTEMPATH\CodeIgniter.php(494): CodeIgniter\CodeIgniter->startController()
 6 SYSTEMPATH\CodeIgniter.php(354): CodeIgniter\CodeIgniter->handleRequest(null, Object(Config\Cache), false)
 7 SYSTEMPATH\Boot.php(334): CodeIgniter\CodeIgniter->run()
 8 SYSTEMPATH\Boot.php(67): CodeIgniter\Boot::runCodeIgniter(Object(CodeIgniter\CodeIgniter))
 9 FCPATH\index.php(56): CodeIgniter\Boot::bootWeb(Object(Config\Paths))
